#
# There is insufficient memory for the Java Runtime Environment to continue.
# Native memory allocation (malloc) failed to allocate 1072912 bytes for Chunk::new
# Possible reasons:
#   The system is out of physical RAM or swap space
#   The process is running with CompressedOops enabled, and the Java Heap may be blocking the growth of the native heap
# Possible solutions:
#   Reduce memory load on the system
#   Increase physical memory or swap space
#   Check if swap backing store is full
#   Decrease Java heap size (-Xmx/-Xms)
#   Decrease number of Java threads
#   Decrease Java thread stack sizes (-Xss)
#   Set larger code cache with -XX:ReservedCodeCacheSize=
#   JVM is running with Zero Based Compressed Oops mode in which the Java heap is
#     placed in the first 32GB address space. The Java Heap base address is the
#     maximum limit for the native heap growth. Please use -XX:HeapBaseMinAddress
#     to set the Java Heap base and to place the Java Heap above 32GB virtual address.
# This output file may be truncated or incomplete.
#
#  Out of Memory Error (arena.cpp:168), pid=35676, tid=30152
#
# JRE version: Java(TM) SE Runtime Environment (21.0.9+7) (build 21.0.9+7-LTS-338)
# Java VM: Java HotSpot(TM) 64-Bit Server VM (21.0.9+7-LTS-338, mixed mode, sharing, tiered, compressed oops, compressed class ptrs, g1 gc, windows-amd64)
# No core dump will be written. Minidumps are not enabled by default on client versions of Windows
#

---------------  S U M M A R Y ------------

Command Line: --enable-native-access=ALL-UNNAMED -Dclassworlds.conf=C:\Users\samen\.m2\wrapper\dists\apache-maven-3.9.11\03d7e36a140982eea48e22c1dcac01d8862b2550b2939e09a0809bbc5182a5bc\bin\m2.conf -Dmaven.home=C:\Users\samen\.m2\wrapper\dists\apache-maven-3.9.11\03d7e36a140982eea48e22c1dcac01d8862b2550b2939e09a0809bbc5182a5bc -Dlibrary.jansi.path=C:\Users\samen\.m2\wrapper\dists\apache-maven-3.9.11\03d7e36a140982eea48e22c1dcac01d8862b2550b2939e09a0809bbc5182a5bc\lib\jansi-native -Dmaven.multiModuleProjectDirectory=D:\Documents\EADL\Semestre_1\Projet CC Nkdonjoh\medicam-backend org.codehaus.plexus.classworlds.launcher.Launcher clean verify org.sonarsource.scanner.maven:sonar-maven-plugin:sonar -Dsonar.projectKey=easypharma-frontend -Dsonar.projectName='easypharma-frontend' -Dsonar.host.url=http://localhost:9000 -Dsonar.token=sqp_e550e7e5caf173d4de34341dd0c9671aab87c5b1

Host: AMD Ryzen 7 5825U with Radeon Graphics         , 16 cores, 15G,  Windows 11 , 64 bit Build 26100 (10.0.26100.7623)
Time: Mon Jan 19 11:04:29 2026 Afr. centrale Ouest elapsed time: 308.815842 seconds (0d 0h 5m 8s)

---------------  T H R E A D  ---------------

Current thread (0x000001db44d49310):  JavaThread "C2 CompilerThread0" daemon [_thread_in_native, id=30152, stack(0x000000ad65600000,0x000000ad65700000) (1024K)]


Current CompileTask:
C2: 308817 17436       4       java.util.zip.ZipInputStream::closeEntry (31 bytes)

Stack: [0x000000ad65600000,0x000000ad65700000]
Native frames: (J=compiled Java code, j=interpreted, Vv=VM code, C=native code)
V  [jvm.dll+0x6cbf89]
V  [jvm.dll+0x858421]
V  [jvm.dll+0x85a94e]
V  [jvm.dll+0x85b023]
V  [jvm.dll+0x27ebc6]
V  [jvm.dll+0xc4f4d]
V  [jvm.dll+0xc5483]
V  [jvm.dll+0x3b69fc]
V  [jvm.dll+0x382925]
V  [jvm.dll+0x381d9a]
V  [jvm.dll+0x247640]
V  [jvm.dll+0x246c1f]
V  [jvm.dll+0x1c7a3e]
V  [jvm.dll+0x256329]
V  [jvm.dll+0x2548ba]
V  [jvm.dll+0x3efdee]
V  [jvm.dll+0x80265b]
V  [jvm.dll+0x6ca66d]
C  [ucrtbase.dll+0x37b0]
C  [KERNEL32.DLL+0x2e8d7]
C  [ntdll.dll+0x8c53c]


---------------  P R O C E S S  ---------------

Threads class SMR info:
_java_thread_list=0x000001db8dfcb920, length=12, elements={
0x000001db233bf400, 0x000001db44d39320, 0x000001db44d3bf40, 0x000001db44d415e0,
0x000001db44d42040, 0x000001db44d42c50, 0x000001db44d43990, 0x000001db44d49310,
0x000001db44d67710, 0x000001db8a1dacb0, 0x000001db8a1de520, 0x000001db8a0191f0
}

Java Threads: ( => current thread )
  0x000001db233bf400 JavaThread "main"                              [_thread_in_native, id=18296, stack(0x000000ad64800000,0x000000ad64900000) (1024K)]
  0x000001db44d39320 JavaThread "Reference Handler"          daemon [_thread_blocked, id=35744, stack(0x000000ad65000000,0x000000ad65100000) (1024K)]
  0x000001db44d3bf40 JavaThread "Finalizer"                  daemon [_thread_blocked, id=41016, stack(0x000000ad65100000,0x000000ad65200000) (1024K)]
  0x000001db44d415e0 JavaThread "Signal Dispatcher"          daemon [_thread_blocked, id=38024, stack(0x000000ad65200000,0x000000ad65300000) (1024K)]
  0x000001db44d42040 JavaThread "Attach Listener"            daemon [_thread_blocked, id=21740, stack(0x000000ad65300000,0x000000ad65400000) (1024K)]
  0x000001db44d42c50 JavaThread "Service Thread"             daemon [_thread_blocked, id=31896, stack(0x000000ad65400000,0x000000ad65500000) (1024K)]
  0x000001db44d43990 JavaThread "Monitor Deflation Thread"   daemon [_thread_blocked, id=12544, stack(0x000000ad65500000,0x000000ad65600000) (1024K)]
=>0x000001db44d49310 JavaThread "C2 CompilerThread0"         daemon [_thread_in_native, id=30152, stack(0x000000ad65600000,0x000000ad65700000) (1024K)]
  0x000001db44d67710 JavaThread "C1 CompilerThread0"         daemon [_thread_blocked, id=23440, stack(0x000000ad65700000,0x000000ad65800000) (1024K)]
  0x000001db8a1dacb0 JavaThread "Notification Thread"        daemon [_thread_blocked, id=43608, stack(0x000000ad65a00000,0x000000ad65b00000) (1024K)]
  0x000001db8a1de520 JavaThread "Common-Cleaner"             daemon [_thread_blocked, id=21656, stack(0x000000ad65b00000,0x000000ad65c00000) (1024K)]
  0x000001db8a0191f0 JavaThread "Thread-1"                   daemon [_thread_blocked, id=4048, stack(0x000000ad65e00000,0x000000ad65f00000) (1024K)]
Total: 12

Other Threads:
  0x000001db44d21120 VMThread "VM Thread"                           [id=42272, stack(0x000000ad64f00000,0x000000ad65000000) (1024K)]
  0x000001db44d0e800 WatcherThread "VM Periodic Task Thread"        [id=39284, stack(0x000000ad64e00000,0x000000ad64f00000) (1024K)]
  0x000001db23420710 WorkerThread "GC Thread#0"                     [id=23984, stack(0x000000ad64900000,0x000000ad64a00000) (1024K)]
  0x000001db8ad759b0 WorkerThread "GC Thread#1"                     [id=11424, stack(0x000000ad65f00000,0x000000ad66000000) (1024K)]
  0x000001db8a9a8110 WorkerThread "GC Thread#2"                     [id=7112, stack(0x000000ad66000000,0x000000ad66100000) (1024K)]
  0x000001db8a96eff0 WorkerThread "GC Thread#3"                     [id=30840, stack(0x000000ad66100000,0x000000ad66200000) (1024K)]
  0x000001db8a959ea0 WorkerThread "GC Thread#4"                     [id=43616, stack(0x000000ad66200000,0x000000ad66300000) (1024K)]
  0x000001db8ade25f0 WorkerThread "GC Thread#5"                     [id=38076, stack(0x000000ad66300000,0x000000ad66400000) (1024K)]
  0x000001db8ade3e20 WorkerThread "GC Thread#6"                     [id=17788, stack(0x000000ad66400000,0x000000ad66500000) (1024K)]
  0x000001db8ade41d0 WorkerThread "GC Thread#7"                     [id=34180, stack(0x000000ad66500000,0x000000ad66600000) (1024K)]
  0x000001db8b2f52a0 WorkerThread "GC Thread#8"                     [id=19316, stack(0x000000ad66600000,0x000000ad66700000) (1024K)]
  0x000001db8c1558d0 WorkerThread "GC Thread#9"                     [id=19104, stack(0x000000ad66700000,0x000000ad66800000) (1024K)]
  0x000001db8bd820a0 WorkerThread "GC Thread#10"                    [id=2528, stack(0x000000ad66900000,0x000000ad66a00000) (1024K)]
  0x000001db8bd82450 WorkerThread "GC Thread#11"                    [id=39464, stack(0x000000ad66a00000,0x000000ad66b00000) (1024K)]
  0x000001db8bd81940 WorkerThread "GC Thread#12"                    [id=27996, stack(0x000000ad66b00000,0x000000ad66c00000) (1024K)]
  0x000001db23430f20 ConcurrentGCThread "G1 Main Marker"            [id=4044, stack(0x000000ad64a00000,0x000000ad64b00000) (1024K)]
  0x000001db234324b0 WorkerThread "G1 Conc#0"                       [id=6720, stack(0x000000ad64b00000,0x000000ad64c00000) (1024K)]
  0x000001db8bd81590 WorkerThread "G1 Conc#1"                       [id=41968, stack(0x000000ad65900000,0x000000ad65a00000) (1024K)]
  0x000001db8bd81cf0 WorkerThread "G1 Conc#2"                       [id=6004, stack(0x000000ad65c00000,0x000000ad65d00000) (1024K)]
  0x000001db44bde2d0 ConcurrentGCThread "G1 Refine#0"               [id=16404, stack(0x000000ad64c00000,0x000000ad64d00000) (1024K)]
  0x000001db44bdfb10 ConcurrentGCThread "G1 Service"                [id=43028, stack(0x000000ad64d00000,0x000000ad64e00000) (1024K)]
Total: 21

Threads with active compile tasks:
C2 CompilerThread0   308918 17436       4       java.util.zip.ZipInputStream::closeEntry (31 bytes)
Total: 1

VM state: not at safepoint (normal execution)

VM Mutex/Monitor currently owned by a thread: None

Heap address: 0x000000070a800000, size: 3928 MB, Compressed Oops mode: Zero based, Oop shift amount: 3

CDS archive(s) mapped at: [0x000001db45000000-0x000001db45c90000-0x000001db45c90000), size 13172736, SharedBaseAddress: 0x000001db45000000, ArchiveRelocationMode: 1.
Compressed class space mapped at: 0x000001db46000000-0x000001db86000000, reserved size: 1073741824
Narrow klass base: 0x000001db45000000, Narrow klass shift: 0, Narrow klass range: 0x100000000

GC Precious Log:
 CardTable entry size: 512
 Card Set container configuration: InlinePtr #cards 4 size 8 Array Of Cards #cards 16 size 48 Howl #buckets 8 coarsen threshold 3686 Howl Bitmap #cards 512 size 80 coarsen threshold 460 Card regions per heap region 1 cards per card region 4096
 CPUs: 16 total, 16 available
 Memory: 15711M
 Large Page Support: Disabled
 NUMA Support: Disabled
 Compressed Oops: Enabled (Zero based)
 Heap Region Size: 2M
 Heap Min Capacity: 8M
 Heap Initial Capacity: 246M
 Heap Max Capacity: 3928M
 Pre-touch: Disabled
 Parallel Workers: 13
 Concurrent Workers: 3
 Concurrent Refinement Workers: 13
 Periodic GC: Disabled

Heap:
 garbage-first heap   total 325632K, used 262839K [0x000000070a800000, 0x0000000800000000)
  region size 2048K, 84 young (172032K), 3 survivors (6144K)
 Metaspace       used 53433K, committed 54208K, reserved 1114112K
  class space    used 5777K, committed 6144K, reserved 1048576K

Heap Regions: E=young(eden), S=young(survivor), O=old, HS=humongous(starts), HC=humongous(continues), CS=collection set, F=free, TAMS=top-at-mark-start, PB=parsable bottom
|   0|0x000000070a800000, 0x000000070aa00000, 0x000000070aa00000|100%| O|  |TAMS 0x000000070a800000| PB 0x000000070a800000| Untracked 
|   1|0x000000070aa00000, 0x000000070ac00000, 0x000000070ac00000|100%| O|  |TAMS 0x000000070aa00000| PB 0x000000070aa00000| Untracked 
|   2|0x000000070ac00000, 0x000000070ae00000, 0x000000070ae00000|100%| O|  |TAMS 0x000000070ac00000| PB 0x000000070ac00000| Untracked 
|   3|0x000000070ae00000, 0x000000070b000000, 0x000000070b000000|100%| O|  |TAMS 0x000000070ae00000| PB 0x000000070ae00000| Untracked 
|   4|0x000000070b000000, 0x000000070b200000, 0x000000070b200000|100%| O|  |TAMS 0x000000070b000000| PB 0x000000070b000000| Untracked 
|   5|0x000000070b200000, 0x000000070b400000, 0x000000070b400000|100%| O|  |TAMS 0x000000070b200000| PB 0x000000070b200000| Untracked 
|   6|0x000000070b400000, 0x000000070b600000, 0x000000070b600000|100%| O|  |TAMS 0x000000070b400000| PB 0x000000070b400000| Untracked 
|   7|0x000000070b600000, 0x000000070b800000, 0x000000070b800000|100%| O|  |TAMS 0x000000070b600000| PB 0x000000070b600000| Untracked 
|   8|0x000000070b800000, 0x000000070ba00000, 0x000000070ba00000|100%| O|  |TAMS 0x000000070b800000| PB 0x000000070b800000| Untracked 
|   9|0x000000070ba00000, 0x000000070bc00000, 0x000000070bc00000|100%| O|  |TAMS 0x000000070ba00000| PB 0x000000070ba00000| Untracked 
|  10|0x000000070bc00000, 0x000000070be00000, 0x000000070be00000|100%| O|  |TAMS 0x000000070bc00000| PB 0x000000070bc00000| Untracked 
|  11|0x000000070be00000, 0x000000070c000000, 0x000000070c000000|100%| O|  |TAMS 0x000000070be00000| PB 0x000000070be00000| Untracked 
|  12|0x000000070c000000, 0x000000070c200000, 0x000000070c200000|100%| O|  |TAMS 0x000000070c000000| PB 0x000000070c000000| Untracked 
|  13|0x000000070c200000, 0x000000070c400000, 0x000000070c400000|100%| O|  |TAMS 0x000000070c200000| PB 0x000000070c200000| Untracked 
|  14|0x000000070c400000, 0x000000070c600000, 0x000000070c600000|100%| O|  |TAMS 0x000000070c400000| PB 0x000000070c400000| Untracked 
|  15|0x000000070c600000, 0x000000070c800000, 0x000000070c800000|100%| O|  |TAMS 0x000000070c600000| PB 0x000000070c600000| Untracked 
|  16|0x000000070c800000, 0x000000070ca00000, 0x000000070ca00000|100%| O|Cm|TAMS 0x000000070c800000| PB 0x000000070c800000| Complete 
|  17|0x000000070ca00000, 0x000000070cc00000, 0x000000070cc00000|100%| O|  |TAMS 0x000000070ca00000| PB 0x000000070ca00000| Untracked 
|  18|0x000000070cc00000, 0x000000070ce00000, 0x000000070ce00000|100%| O|  |TAMS 0x000000070cc00000| PB 0x000000070cc00000| Untracked 
|  19|0x000000070ce00000, 0x000000070d000000, 0x000000070d000000|100%| O|  |TAMS 0x000000070ce00000| PB 0x000000070ce00000| Untracked 
|  20|0x000000070d000000, 0x000000070d200000, 0x000000070d200000|100%| O|  |TAMS 0x000000070d000000| PB 0x000000070d000000| Untracked 
|  21|0x000000070d200000, 0x000000070d400000, 0x000000070d400000|100%| O|  |TAMS 0x000000070d200000| PB 0x000000070d200000| Untracked 
|  22|0x000000070d400000, 0x000000070d54e2d0, 0x000000070d600000| 65%| O|  |TAMS 0x000000070d400000| PB 0x000000070d400000| Untracked 
|  23|0x000000070d600000, 0x000000070d600000, 0x000000070d800000|  0%| F|  |TAMS 0x000000070d600000| PB 0x000000070d600000| Untracked 
|  24|0x000000070d800000, 0x000000070d800000, 0x000000070da00000|  0%| F|  |TAMS 0x000000070d800000| PB 0x000000070d800000| Untracked 
|  25|0x000000070da00000, 0x000000070dc00000, 0x000000070dc00000|100%| O|Cm|TAMS 0x000000070da00000| PB 0x000000070da00000| Complete 
|  26|0x000000070dc00000, 0x000000070dc00000, 0x000000070de00000|  0%| F|  |TAMS 0x000000070dc00000| PB 0x000000070dc00000| Untracked 
|  27|0x000000070de00000, 0x000000070de00000, 0x000000070e000000|  0%| F|  |TAMS 0x000000070de00000| PB 0x000000070de00000| Untracked 
|  28|0x000000070e000000, 0x000000070e000000, 0x000000070e200000|  0%| F|  |TAMS 0x000000070e000000| PB 0x000000070e000000| Untracked 
|  29|0x000000070e200000, 0x000000070e400000, 0x000000070e400000|100%| O|  |TAMS 0x000000070e200000| PB 0x000000070e200000| Untracked 
|  30|0x000000070e400000, 0x000000070e600000, 0x000000070e600000|100%| O|  |TAMS 0x000000070e400000| PB 0x000000070e400000| Untracked 
|  31|0x000000070e600000, 0x000000070e800000, 0x000000070e800000|100%| O|  |TAMS 0x000000070e600000| PB 0x000000070e600000| Untracked 
|  32|0x000000070e800000, 0x000000070e800000, 0x000000070ea00000|  0%| F|  |TAMS 0x000000070e800000| PB 0x000000070e800000| Untracked 
|  33|0x000000070ea00000, 0x000000070ea00000, 0x000000070ec00000|  0%| F|  |TAMS 0x000000070ea00000| PB 0x000000070ea00000| Untracked 
|  34|0x000000070ec00000, 0x000000070ee00000, 0x000000070ee00000|100%| O|  |TAMS 0x000000070ec00000| PB 0x000000070ec00000| Untracked 
|  35|0x000000070ee00000, 0x000000070f000000, 0x000000070f000000|100%| O|  |TAMS 0x000000070ee00000| PB 0x000000070ee00000| Untracked 
|  36|0x000000070f000000, 0x000000070f200000, 0x000000070f200000|100%| O|Cm|TAMS 0x000000070f000000| PB 0x000000070f000000| Complete 
|  37|0x000000070f200000, 0x000000070f200000, 0x000000070f400000|  0%| F|  |TAMS 0x000000070f200000| PB 0x000000070f200000| Untracked 
|  38|0x000000070f400000, 0x000000070f400000, 0x000000070f600000|  0%| F|  |TAMS 0x000000070f400000| PB 0x000000070f400000| Untracked 
|  39|0x000000070f600000, 0x000000070f800000, 0x000000070f800000|100%|HS|  |TAMS 0x000000070f600000| PB 0x000000070f600000| Complete 
|  40|0x000000070f800000, 0x000000070fa00000, 0x000000070fa00000|100%|HC|  |TAMS 0x000000070f800000| PB 0x000000070f800000| Complete 
|  41|0x000000070fa00000, 0x000000070fc00000, 0x000000070fc00000|100%| O|Cm|TAMS 0x000000070fa00000| PB 0x000000070fa00000| Complete 
|  42|0x000000070fc00000, 0x000000070fe00000, 0x000000070fe00000|100%|HS|  |TAMS 0x000000070fc00000| PB 0x000000070fc00000| Complete 
|  43|0x000000070fe00000, 0x000000070fe00000, 0x0000000710000000|  0%| F|  |TAMS 0x000000070fe00000| PB 0x000000070fe00000| Untracked 
|  44|0x0000000710000000, 0x0000000710000000, 0x0000000710200000|  0%| F|  |TAMS 0x0000000710000000| PB 0x0000000710000000| Untracked 
|  45|0x0000000710200000, 0x0000000710400000, 0x0000000710400000|100%| O|Cm|TAMS 0x0000000710200000| PB 0x0000000710200000| Complete 
|  46|0x0000000710400000, 0x0000000710400000, 0x0000000710600000|  0%| F|  |TAMS 0x0000000710400000| PB 0x0000000710400000| Untracked 
|  47|0x0000000710600000, 0x0000000710800000, 0x0000000710800000|100%| O|Cm|TAMS 0x0000000710600000| PB 0x0000000710600000| Complete 
|  48|0x0000000710800000, 0x0000000710a00000, 0x0000000710a00000|100%| O|  |TAMS 0x0000000710800000| PB 0x0000000710800000| Untracked 
|  49|0x0000000710a00000, 0x0000000710a00000, 0x0000000710c00000|  0%| F|  |TAMS 0x0000000710a00000| PB 0x0000000710a00000| Untracked 
|  50|0x0000000710c00000, 0x0000000710e00000, 0x0000000710e00000|100%| O|Cm|TAMS 0x0000000710c00000| PB 0x0000000710c00000| Complete 
|  51|0x0000000710e00000, 0x0000000711000000, 0x0000000711000000|100%| O|Cm|TAMS 0x0000000710e00000| PB 0x0000000710e00000| Complete 
|  52|0x0000000711000000, 0x0000000711000000, 0x0000000711200000|  0%| F|  |TAMS 0x0000000711000000| PB 0x0000000711000000| Untracked 
|  53|0x0000000711200000, 0x000000071135fc40, 0x0000000711400000| 68%| S|CS|TAMS 0x0000000711200000| PB 0x0000000711200000| Complete 
|  54|0x0000000711400000, 0x0000000711600000, 0x0000000711600000|100%| O|  |TAMS 0x0000000711400000| PB 0x0000000711400000| Untracked 
|  55|0x0000000711600000, 0x0000000711800000, 0x0000000711800000|100%| O|  |TAMS 0x0000000711600000| PB 0x0000000711600000| Untracked 
|  56|0x0000000711800000, 0x0000000711800000, 0x0000000711a00000|  0%| F|  |TAMS 0x0000000711800000| PB 0x0000000711800000| Untracked 
|  57|0x0000000711a00000, 0x0000000711c00000, 0x0000000711c00000|100%| O|Cm|TAMS 0x0000000711a00000| PB 0x0000000711a00000| Complete 
|  58|0x0000000711c00000, 0x0000000711c00000, 0x0000000711e00000|  0%| F|  |TAMS 0x0000000711c00000| PB 0x0000000711c00000| Untracked 
|  59|0x0000000711e00000, 0x0000000711e00000, 0x0000000712000000|  0%| F|  |TAMS 0x0000000711e00000| PB 0x0000000711e00000| Untracked 
|  60|0x0000000712000000, 0x0000000712200000, 0x0000000712200000|100%| O|Cm|TAMS 0x0000000712000000| PB 0x0000000712000000| Complete 
|  61|0x0000000712200000, 0x0000000712400000, 0x0000000712400000|100%| S|CS|TAMS 0x0000000712200000| PB 0x0000000712200000| Complete 
|  62|0x0000000712400000, 0x0000000712600000, 0x0000000712600000|100%| S|CS|TAMS 0x0000000712400000| PB 0x0000000712400000| Complete 
|  63|0x0000000712600000, 0x0000000712600000, 0x0000000712800000|  0%| F|  |TAMS 0x0000000712600000| PB 0x0000000712600000| Untracked 
|  64|0x0000000712800000, 0x0000000712800000, 0x0000000712a00000|  0%| F|  |TAMS 0x0000000712800000| PB 0x0000000712800000| Untracked 
|  65|0x0000000712a00000, 0x0000000712a00000, 0x0000000712c00000|  0%| F|  |TAMS 0x0000000712a00000| PB 0x0000000712a00000| Untracked 
|  66|0x0000000712c00000, 0x0000000712c00000, 0x0000000712e00000|  0%| F|  |TAMS 0x0000000712c00000| PB 0x0000000712c00000| Untracked 
|  67|0x0000000712e00000, 0x0000000712e00000, 0x0000000713000000|  0%| F|  |TAMS 0x0000000712e00000| PB 0x0000000712e00000| Untracked 
|  68|0x0000000713000000, 0x0000000713000000, 0x0000000713200000|  0%| F|  |TAMS 0x0000000713000000| PB 0x0000000713000000| Untracked 
|  69|0x0000000713200000, 0x0000000713200000, 0x0000000713400000|  0%| F|  |TAMS 0x0000000713200000| PB 0x0000000713200000| Untracked 
|  70|0x0000000713400000, 0x0000000713400000, 0x0000000713600000|  0%| F|  |TAMS 0x0000000713400000| PB 0x0000000713400000| Untracked 
|  71|0x0000000713600000, 0x0000000713600000, 0x0000000713800000|  0%| F|  |TAMS 0x0000000713600000| PB 0x0000000713600000| Untracked 
|  72|0x0000000713800000, 0x0000000713800000, 0x0000000713a00000|  0%| F|  |TAMS 0x0000000713800000| PB 0x0000000713800000| Untracked 
|  73|0x0000000713a00000, 0x0000000713a00000, 0x0000000713c00000|  0%| F|  |TAMS 0x0000000713a00000| PB 0x0000000713a00000| Untracked 
|  74|0x0000000713c00000, 0x0000000713d10020, 0x0000000713e00000| 53%| E|  |TAMS 0x0000000713c00000| PB 0x0000000713c00000| Complete 
|  75|0x0000000713e00000, 0x0000000714000000, 0x0000000714000000|100%| E|CS|TAMS 0x0000000713e00000| PB 0x0000000713e00000| Complete 
|  76|0x0000000714000000, 0x0000000714200000, 0x0000000714200000|100%| E|CS|TAMS 0x0000000714000000| PB 0x0000000714000000| Complete 
|  77|0x0000000714200000, 0x0000000714400000, 0x0000000714400000|100%| E|CS|TAMS 0x0000000714200000| PB 0x0000000714200000| Complete 
|  78|0x0000000714400000, 0x0000000714600000, 0x0000000714600000|100%| E|CS|TAMS 0x0000000714400000| PB 0x0000000714400000| Complete 
|  79|0x0000000714600000, 0x0000000714800000, 0x0000000714800000|100%| E|CS|TAMS 0x0000000714600000| PB 0x0000000714600000| Complete 
|  80|0x0000000714800000, 0x0000000714a00000, 0x0000000714a00000|100%| E|CS|TAMS 0x0000000714800000| PB 0x0000000714800000| Complete 
|  81|0x0000000714a00000, 0x0000000714c00000, 0x0000000714c00000|100%| E|CS|TAMS 0x0000000714a00000| PB 0x0000000714a00000| Complete 
|  82|0x0000000714c00000, 0x0000000714e00000, 0x0000000714e00000|100%| E|CS|TAMS 0x0000000714c00000| PB 0x0000000714c00000| Complete 
|  83|0x0000000714e00000, 0x0000000715000000, 0x0000000715000000|100%| E|CS|TAMS 0x0000000714e00000| PB 0x0000000714e00000| Complete 
|  84|0x0000000715000000, 0x0000000715200000, 0x0000000715200000|100%| E|CS|TAMS 0x0000000715000000| PB 0x0000000715000000| Complete 
|  85|0x0000000715200000, 0x0000000715400000, 0x0000000715400000|100%| E|CS|TAMS 0x0000000715200000| PB 0x0000000715200000| Complete 
|  86|0x0000000715400000, 0x0000000715600000, 0x0000000715600000|100%| E|CS|TAMS 0x0000000715400000| PB 0x0000000715400000| Complete 
|  87|0x0000000715600000, 0x0000000715800000, 0x0000000715800000|100%| E|CS|TAMS 0x0000000715600000| PB 0x0000000715600000| Complete 
|  88|0x0000000715800000, 0x0000000715a00000, 0x0000000715a00000|100%| E|CS|TAMS 0x0000000715800000| PB 0x0000000715800000| Complete 
|  89|0x0000000715a00000, 0x0000000715c00000, 0x0000000715c00000|100%| E|CS|TAMS 0x0000000715a00000| PB 0x0000000715a00000| Complete 
|  90|0x0000000715c00000, 0x0000000715e00000, 0x0000000715e00000|100%| E|CS|TAMS 0x0000000715c00000| PB 0x0000000715c00000| Complete 
|  91|0x0000000715e00000, 0x0000000716000000, 0x0000000716000000|100%| E|CS|TAMS 0x0000000715e00000| PB 0x0000000715e00000| Complete 
|  92|0x0000000716000000, 0x0000000716200000, 0x0000000716200000|100%| E|CS|TAMS 0x0000000716000000| PB 0x0000000716000000| Complete 
|  93|0x0000000716200000, 0x0000000716400000, 0x0000000716400000|100%| E|CS|TAMS 0x0000000716200000| PB 0x0000000716200000| Complete 
|  94|0x0000000716400000, 0x0000000716600000, 0x0000000716600000|100%| E|CS|TAMS 0x0000000716400000| PB 0x0000000716400000| Complete 
|  95|0x0000000716600000, 0x0000000716800000, 0x0000000716800000|100%| E|CS|TAMS 0x0000000716600000| PB 0x0000000716600000| Complete 
|  96|0x0000000716800000, 0x0000000716a00000, 0x0000000716a00000|100%| E|CS|TAMS 0x0000000716800000| PB 0x0000000716800000| Complete 
|  97|0x0000000716a00000, 0x0000000716c00000, 0x0000000716c00000|100%| E|CS|TAMS 0x0000000716a00000| PB 0x0000000716a00000| Complete 
|  98|0x0000000716c00000, 0x0000000716e00000, 0x0000000716e00000|100%| E|CS|TAMS 0x0000000716c00000| PB 0x0000000716c00000| Complete 
|  99|0x0000000716e00000, 0x0000000717000000, 0x0000000717000000|100%| E|CS|TAMS 0x0000000716e00000| PB 0x0000000716e00000| Complete 
| 100|0x0000000717000000, 0x0000000717200000, 0x0000000717200000|100%| E|CS|TAMS 0x0000000717000000| PB 0x0000000717000000| Complete 
| 101|0x0000000717200000, 0x0000000717400000, 0x0000000717400000|100%| E|CS|TAMS 0x0000000717200000| PB 0x0000000717200000| Complete 
| 102|0x0000000717400000, 0x0000000717600000, 0x0000000717600000|100%| E|CS|TAMS 0x0000000717400000| PB 0x0000000717400000| Complete 
| 103|0x0000000717600000, 0x0000000717800000, 0x0000000717800000|100%| E|CS|TAMS 0x0000000717600000| PB 0x0000000717600000| Complete 
| 104|0x0000000717800000, 0x0000000717a00000, 0x0000000717a00000|100%| E|CS|TAMS 0x0000000717800000| PB 0x0000000717800000| Complete 
| 105|0x0000000717a00000, 0x0000000717c00000, 0x0000000717c00000|100%| E|CS|TAMS 0x0000000717a00000| PB 0x0000000717a00000| Complete 
| 106|0x0000000717c00000, 0x0000000717e00000, 0x0000000717e00000|100%| E|CS|TAMS 0x0000000717c00000| PB 0x0000000717c00000| Complete 
| 107|0x0000000717e00000, 0x0000000718000000, 0x0000000718000000|100%| E|CS|TAMS 0x0000000717e00000| PB 0x0000000717e00000| Complete 
| 108|0x0000000718000000, 0x0000000718200000, 0x0000000718200000|100%| E|CS|TAMS 0x0000000718000000| PB 0x0000000718000000| Complete 
| 109|0x0000000718200000, 0x0000000718400000, 0x0000000718400000|100%| E|CS|TAMS 0x0000000718200000| PB 0x0000000718200000| Complete 
| 110|0x0000000718400000, 0x0000000718600000, 0x0000000718600000|100%| E|CS|TAMS 0x0000000718400000| PB 0x0000000718400000| Complete 
| 111|0x0000000718600000, 0x0000000718800000, 0x0000000718800000|100%| E|CS|TAMS 0x0000000718600000| PB 0x0000000718600000| Complete 
| 112|0x0000000718800000, 0x0000000718a00000, 0x0000000718a00000|100%| E|CS|TAMS 0x0000000718800000| PB 0x0000000718800000| Complete 
| 113|0x0000000718a00000, 0x0000000718c00000, 0x0000000718c00000|100%| E|CS|TAMS 0x0000000718a00000| PB 0x0000000718a00000| Complete 
| 114|0x0000000718c00000, 0x0000000718e00000, 0x0000000718e00000|100%| E|CS|TAMS 0x0000000718c00000| PB 0x0000000718c00000| Complete 
| 115|0x0000000718e00000, 0x0000000719000000, 0x0000000719000000|100%| E|CS|TAMS 0x0000000718e00000| PB 0x0000000718e00000| Complete 
| 116|0x0000000719000000, 0x0000000719200000, 0x0000000719200000|100%| E|CS|TAMS 0x0000000719000000| PB 0x0000000719000000| Complete 
| 117|0x0000000719200000, 0x0000000719400000, 0x0000000719400000|100%| E|CS|TAMS 0x0000000719200000| PB 0x0000000719200000| Complete 
| 118|0x0000000719400000, 0x0000000719600000, 0x0000000719600000|100%| E|CS|TAMS 0x0000000719400000| PB 0x0000000719400000| Complete 
| 119|0x0000000719600000, 0x0000000719800000, 0x0000000719800000|100%| E|CS|TAMS 0x0000000719600000| PB 0x0000000719600000| Complete 
| 120|0x0000000719800000, 0x0000000719a00000, 0x0000000719a00000|100%| E|CS|TAMS 0x0000000719800000| PB 0x0000000719800000| Complete 
| 121|0x0000000719a00000, 0x0000000719c00000, 0x0000000719c00000|100%| E|CS|TAMS 0x0000000719a00000| PB 0x0000000719a00000| Complete 
| 122|0x0000000719c00000, 0x0000000719e00000, 0x0000000719e00000|100%| E|CS|TAMS 0x0000000719c00000| PB 0x0000000719c00000| Complete 
| 123|0x0000000719e00000, 0x000000071a000000, 0x000000071a000000|100%| E|CS|TAMS 0x0000000719e00000| PB 0x0000000719e00000| Complete 
| 124|0x000000071a000000, 0x000000071a200000, 0x000000071a200000|100%| E|CS|TAMS 0x000000071a000000| PB 0x000000071a000000| Complete 
| 125|0x000000071a200000, 0x000000071a400000, 0x000000071a400000|100%| E|CS|TAMS 0x000000071a200000| PB 0x000000071a200000| Complete 
| 126|0x000000071a400000, 0x000000071a600000, 0x000000071a600000|100%| E|CS|TAMS 0x000000071a400000| PB 0x000000071a400000| Complete 
| 127|0x000000071a600000, 0x000000071a800000, 0x000000071a800000|100%| E|CS|TAMS 0x000000071a600000| PB 0x000000071a600000| Complete 
| 128|0x000000071a800000, 0x000000071aa00000, 0x000000071aa00000|100%| E|  |TAMS 0x000000071a800000| PB 0x000000071a800000| Complete 
| 129|0x000000071aa00000, 0x000000071ac00000, 0x000000071ac00000|100%| E|CS|TAMS 0x000000071aa00000| PB 0x000000071aa00000| Complete 
| 130|0x000000071ac00000, 0x000000071ae00000, 0x000000071ae00000|100%| E|CS|TAMS 0x000000071ac00000| PB 0x000000071ac00000| Complete 
| 131|0x000000071ae00000, 0x000000071b000000, 0x000000071b000000|100%| E|CS|TAMS 0x000000071ae00000| PB 0x000000071ae00000| Complete 
| 132|0x000000071b000000, 0x000000071b200000, 0x000000071b200000|100%| E|CS|TAMS 0x000000071b000000| PB 0x000000071b000000| Complete 
| 133|0x000000071b200000, 0x000000071b400000, 0x000000071b400000|100%| E|CS|TAMS 0x000000071b200000| PB 0x000000071b200000| Complete 
| 134|0x000000071b400000, 0x000000071b600000, 0x000000071b600000|100%| E|CS|TAMS 0x000000071b400000| PB 0x000000071b400000| Complete 
| 135|0x000000071b600000, 0x000000071b800000, 0x000000071b800000|100%| E|CS|TAMS 0x000000071b600000| PB 0x000000071b600000| Complete 
| 136|0x000000071b800000, 0x000000071ba00000, 0x000000071ba00000|100%| E|CS|TAMS 0x000000071b800000| PB 0x000000071b800000| Complete 
| 137|0x000000071ba00000, 0x000000071bc00000, 0x000000071bc00000|100%| E|CS|TAMS 0x000000071ba00000| PB 0x000000071ba00000| Complete 
| 138|0x000000071bc00000, 0x000000071be00000, 0x000000071be00000|100%| E|CS|TAMS 0x000000071bc00000| PB 0x000000071bc00000| Complete 
| 139|0x000000071be00000, 0x000000071c000000, 0x000000071c000000|100%| E|CS|TAMS 0x000000071be00000| PB 0x000000071be00000| Complete 
| 140|0x000000071c000000, 0x000000071c200000, 0x000000071c200000|100%| E|CS|TAMS 0x000000071c000000| PB 0x000000071c000000| Complete 
| 141|0x000000071c200000, 0x000000071c400000, 0x000000071c400000|100%| E|CS|TAMS 0x000000071c200000| PB 0x000000071c200000| Complete 
| 142|0x000000071c400000, 0x000000071c600000, 0x000000071c600000|100%| E|CS|TAMS 0x000000071c400000| PB 0x000000071c400000| Complete 
| 143|0x000000071c600000, 0x000000071c800000, 0x000000071c800000|100%| E|CS|TAMS 0x000000071c600000| PB 0x000000071c600000| Complete 
| 144|0x000000071c800000, 0x000000071ca00000, 0x000000071ca00000|100%| E|CS|TAMS 0x000000071c800000| PB 0x000000071c800000| Complete 
| 145|0x000000071ca00000, 0x000000071cc00000, 0x000000071cc00000|100%| E|CS|TAMS 0x000000071ca00000| PB 0x000000071ca00000| Complete 
| 146|0x000000071cc00000, 0x000000071ce00000, 0x000000071ce00000|100%| E|CS|TAMS 0x000000071cc00000| PB 0x000000071cc00000| Complete 
|1952|0x00000007fe800000, 0x00000007fea00000, 0x00000007fea00000|100%| O|  |TAMS 0x00000007fe800000| PB 0x00000007fe800000| Untracked 
|1953|0x00000007fea00000, 0x00000007fec00000, 0x00000007fec00000|100%| E|CS|TAMS 0x00000007fea00000| PB 0x00000007fea00000| Complete 
|1954|0x00000007fec00000, 0x00000007fee00000, 0x00000007fee00000|100%| O|Cm|TAMS 0x00000007fec00000| PB 0x00000007fec00000| Complete 
|1955|0x00000007fee00000, 0x00000007ff000000, 0x00000007ff000000|100%| O|Cm|TAMS 0x00000007fee00000| PB 0x00000007fee00000| Complete 
|1956|0x00000007ff000000, 0x00000007ff200000, 0x00000007ff200000|100%| E|CS|TAMS 0x00000007ff000000| PB 0x00000007ff000000| Complete 
|1957|0x00000007ff200000, 0x00000007ff400000, 0x00000007ff400000|100%| E|CS|TAMS 0x00000007ff200000| PB 0x00000007ff200000| Complete 
|1958|0x00000007ff400000, 0x00000007ff600000, 0x00000007ff600000|100%| O|  |TAMS 0x00000007ff400000| PB 0x00000007ff400000| Untracked 
|1959|0x00000007ff600000, 0x00000007ff800000, 0x00000007ff800000|100%| E|CS|TAMS 0x00000007ff600000| PB 0x00000007ff600000| Complete 
|1960|0x00000007ff800000, 0x00000007ffa00000, 0x00000007ffa00000|100%| E|CS|TAMS 0x00000007ff800000| PB 0x00000007ff800000| Complete 
|1961|0x00000007ffa00000, 0x00000007ffc00000, 0x00000007ffc00000|100%| E|CS|TAMS 0x00000007ffa00000| PB 0x00000007ffa00000| Complete 
|1962|0x00000007ffc00000, 0x00000007ffe00000, 0x00000007ffe00000|100%| E|CS|TAMS 0x00000007ffc00000| PB 0x00000007ffc00000| Complete 
|1963|0x00000007ffe00000, 0x0000000800000000, 0x0000000800000000|100%| E|CS|TAMS 0x00000007ffe00000| PB 0x00000007ffe00000| Complete 

Card table byte_map: [0x000001db3d7d0000,0x000001db3df80000] _byte_map_base: 0x000001db39f7c000

Marking Bits: (CMBitMap*) 0x000001db23420d30
 Bits: [0x000001db3df80000, 0x000001db41ce0000)

Polling page: 0x000001db23490000

Metaspace:

Usage:
  Non-class:     46.54 MB used.
      Class:      5.64 MB used.
       Both:     52.18 MB used.

Virtual space:
  Non-class space:       64.00 MB reserved,      46.94 MB ( 73%) committed,  1 nodes.
      Class space:        1.00 GB reserved,       6.00 MB ( <1%) committed,  1 nodes.
             Both:        1.06 GB reserved,      52.94 MB (  5%) committed. 

Chunk freelists:
   Non-Class:  304.00 KB
       Class:  9.83 MB
        Both:  10.12 MB

MaxMetaspaceSize: unlimited
CompressedClassSpaceSize: 1.00 GB
Initial GC threshold: 21.00 MB
Current GC threshold: 81.69 MB
CDS: on
 - commit_granule_bytes: 65536.
 - commit_granule_words: 8192.
 - virtual_space_node_default_size: 8388608.
 - enlarge_chunks_in_place: 1.
 - use_allocation_guard: 0.


Internal statistics:

num_allocs_failed_limit: 5.
num_arena_births: 814.
num_arena_deaths: 0.
num_vsnodes_births: 2.
num_vsnodes_deaths: 0.
num_space_committed: 846.
num_space_uncommitted: 0.
num_chunks_returned_to_freelist: 5.
num_chunks_taken_from_freelist: 2835.
num_chunk_merges: 0.
num_chunk_splits: 2001.
num_chunks_enlarged: 1504.
num_inconsistent_stats: 0.

CodeHeap 'non-profiled nmethods': size=119168Kb used=12373Kb max_used=12373Kb free=106794Kb
 bounds [0x000001db34bf0000, 0x000001db35810000, 0x000001db3c050000]
CodeHeap 'profiled nmethods': size=119104Kb used=33265Kb max_used=33265Kb free=85838Kb
 bounds [0x000001db2d050000, 0x000001db2f0d0000, 0x000001db344a0000]
CodeHeap 'non-nmethods': size=7488Kb used=1577Kb max_used=3382Kb free=5910Kb
 bounds [0x000001db344a0000, 0x000001db348e0000, 0x000001db34bf0000]
 total_blobs=14669 nmethods=14033 adapters=539
 compilation: enabled
              stopped_count=0, restarted_count=0
 full_count=0

Compilation events (20 events):
Event: 305.390 Thread 0x000001db44d67040 nmethod 17425 0x000001db2f0c9290 code [0x000001db2f0c9660, 0x000001db2f0cad30]
Event: 305.481 Thread 0x000001db44d49310 17427       4       java.lang.StringLatin1::regionMatchesCI (45 bytes)
Event: 305.486 Thread 0x000001db44d49310 nmethod 17427 0x000001db35801190 code [0x000001db35801320, 0x000001db358014a0]
Event: 306.561 Thread 0x000001db44d49310 17428   !   4       java.io.FileInputStream::read (30 bytes)
Event: 306.563 Thread 0x000001db44d49310 nmethod 17428 0x000001db35801590 code [0x000001db35801740, 0x000001db358018b0]
Event: 306.738 Thread 0x000001db44d49310 17429       4       java.lang.String::newStringUTF8NoRepl (322 bytes)
Event: 306.754 Thread 0x000001db44d49310 nmethod 17429 0x000001db35801a90 code [0x000001db35801c60, 0x000001db35802420]
Event: 306.863 Thread 0x000001db44d67710 17430       3       java.lang.String::regionMatches (150 bytes)
Event: 306.865 Thread 0x000001db44d67710 nmethod 17430 0x000001db2f0cb510 code [0x000001db2f0cb760, 0x000001db2f0cbf60]
Event: 307.009 Thread 0x000001db44d49310 17431       4       java.util.zip.CRC32::update (38 bytes)
Event: 307.012 Thread 0x000001db44d49310 nmethod 17431 0x000001db35802810 code [0x000001db358029a0, 0x000001db35802b60]
Event: 307.012 Thread 0x000001db44d49310 17432       4       java.util.zip.CRC32::updateBytesCheck (35 bytes)
Event: 307.013 Thread 0x000001db44d49310 nmethod 17432 0x000001db35802d10 code [0x000001db35802ea0, 0x000001db35802f88]
Event: 307.090 Thread 0x000001db44d49310 17433       4       java.util.zip.ZipEntry::setExtra0 (493 bytes)
Event: 307.140 Thread 0x000001db44d49310 nmethod 17433 0x000001db35803090 code [0x000001db35803300, 0x000001db358045e0]
Event: 307.288 Thread 0x000001db44d67710 17434  s    3       java.util.Hashtable::isEmpty (13 bytes)
Event: 307.288 Thread 0x000001db44d67710 nmethod 17434 0x000001db2f0cc210 code [0x000001db2f0cc3c0, 0x000001db2f0cc5e8]
Event: 307.304 Thread 0x000001db44d49310 17435       4       java.time.Instant::create (49 bytes)
Event: 307.306 Thread 0x000001db44d49310 nmethod 17435 0x000001db35804e90 code [0x000001db35805020, 0x000001db358051a0]
Event: 307.611 Thread 0x000001db44d49310 17436       4       java.util.zip.ZipInputStream::closeEntry (31 bytes)

GC Heap History (20 events):
Event: 106.742 GC heap before
{Heap before GC invocations=36 (full 0):
 garbage-first heap   total 229376K, used 192942K [0x000000070a800000, 0x0000000800000000)
  region size 2048K, 30 young (61440K), 5 survivors (10240K)
 Metaspace       used 44082K, committed 44736K, reserved 1114112K
  class space    used 4754K, committed 5056K, reserved 1048576K
}
Event: 106.793 GC heap after
{Heap after GC invocations=37 (full 0):
 garbage-first heap   total 229376K, used 137030K [0x000000070a800000, 0x0000000800000000)
  region size 2048K, 2 young (4096K), 2 survivors (4096K)
 Metaspace       used 44082K, committed 44736K, reserved 1114112K
  class space    used 4754K, committed 5056K, reserved 1048576K
}
Event: 108.378 GC heap before
{Heap before GC invocations=37 (full 0):
 garbage-first heap   total 229376K, used 192326K [0x000000070a800000, 0x0000000800000000)
  region size 2048K, 29 young (59392K), 2 survivors (4096K)
 Metaspace       used 44192K, committed 44864K, reserved 1114112K
  class space    used 4764K, committed 5056K, reserved 1048576K
}
Event: 108.391 GC heap after
{Heap after GC invocations=38 (full 0):
 garbage-first heap   total 229376K, used 137608K [0x000000070a800000, 0x0000000800000000)
  region size 2048K, 3 young (6144K), 3 survivors (6144K)
 Metaspace       used 44192K, committed 44864K, reserved 1114112K
  class space    used 4764K, committed 5056K, reserved 1048576K
}
Event: 110.740 GC heap before
{Heap before GC invocations=39 (full 0):
 garbage-first heap   total 229376K, used 188808K [0x000000070a800000, 0x0000000800000000)
  region size 2048K, 31 young (63488K), 3 survivors (6144K)
 Metaspace       used 44318K, committed 44992K, reserved 1114112K
  class space    used 4772K, committed 5056K, reserved 1048576K
}
Event: 110.755 GC heap after
{Heap after GC invocations=40 (full 0):
 garbage-first heap   total 229376K, used 134601K [0x000000070a800000, 0x0000000800000000)
  region size 2048K, 4 young (8192K), 4 survivors (8192K)
 Metaspace       used 44318K, committed 44992K, reserved 1114112K
  class space    used 4772K, committed 5056K, reserved 1048576K
}
Event: 113.616 GC heap before
{Heap before GC invocations=40 (full 0):
 garbage-first heap   total 229376K, used 198089K [0x000000070a800000, 0x0000000800000000)
  region size 2048K, 35 young (71680K), 4 survivors (8192K)
 Metaspace       used 44407K, committed 45056K, reserved 1114112K
  class space    used 4775K, committed 5056K, reserved 1048576K
}
Event: 113.653 GC heap after
{Heap after GC invocations=41 (full 0):
 garbage-first heap   total 229376K, used 114675K [0x000000070a800000, 0x0000000800000000)
  region size 2048K, 4 young (8192K), 4 survivors (8192K)
 Metaspace       used 44407K, committed 45056K, reserved 1114112K
  class space    used 4775K, committed 5056K, reserved 1048576K
}
Event: 220.895 GC heap before
{Heap before GC invocations=41 (full 0):
 garbage-first heap   total 229376K, used 190451K [0x000000070a800000, 0x0000000800000000)
  region size 2048K, 41 young (83968K), 4 survivors (8192K)
 Metaspace       used 47778K, committed 48448K, reserved 1114112K
  class space    used 5115K, committed 5376K, reserved 1048576K
}
Event: 221.190 GC heap after
{Heap after GC invocations=42 (full 0):
 garbage-first heap   total 229376K, used 109246K [0x000000070a800000, 0x0000000800000000)
  region size 2048K, 5 young (10240K), 5 survivors (10240K)
 Metaspace       used 47778K, committed 48448K, reserved 1114112K
  class space    used 5115K, committed 5376K, reserved 1048576K
}
Event: 242.365 GC heap before
{Heap before GC invocations=42 (full 0):
 garbage-first heap   total 229376K, used 191166K [0x000000070a800000, 0x0000000800000000)
  region size 2048K, 46 young (94208K), 5 survivors (10240K)
 Metaspace       used 47820K, committed 48448K, reserved 1114112K
  class space    used 5115K, committed 5376K, reserved 1048576K
}
Event: 242.494 GC heap after
{Heap after GC invocations=43 (full 0):
 garbage-first heap   total 229376K, used 109606K [0x000000070a800000, 0x0000000800000000)
  region size 2048K, 3 young (6144K), 3 survivors (6144K)
 Metaspace       used 47820K, committed 48448K, reserved 1114112K
  class space    used 5115K, committed 5376K, reserved 1048576K
}
Event: 288.615 GC heap before
{Heap before GC invocations=43 (full 0):
 garbage-first heap   total 229376K, used 193574K [0x000000070a800000, 0x0000000800000000)
  region size 2048K, 45 young (92160K), 3 survivors (6144K)
 Metaspace       used 48495K, committed 49216K, reserved 1114112K
  class space    used 5193K, committed 5504K, reserved 1048576K
}
Event: 288.648 GC heap after
{Heap after GC invocations=44 (full 0):
 garbage-first heap   total 229376K, used 112401K [0x000000070a800000, 0x0000000800000000)
  region size 2048K, 4 young (8192K), 4 survivors (8192K)
 Metaspace       used 48495K, committed 49216K, reserved 1114112K
  class space    used 5193K, committed 5504K, reserved 1048576K
}
Event: 291.410 GC heap before
{Heap before GC invocations=44 (full 0):
 garbage-first heap   total 229376K, used 198417K [0x000000070a800000, 0x0000000800000000)
  region size 2048K, 46 young (94208K), 4 survivors (8192K)
 Metaspace       used 49391K, committed 50048K, reserved 1114112K
  class space    used 5268K, committed 5568K, reserved 1048576K
}
Event: 291.452 GC heap after
{Heap after GC invocations=45 (full 0):
 garbage-first heap   total 229376K, used 113809K [0x000000070a800000, 0x0000000800000000)
  region size 2048K, 4 young (8192K), 4 survivors (8192K)
 Metaspace       used 49391K, committed 50048K, reserved 1114112K
  class space    used 5268K, committed 5568K, reserved 1048576K
}
Event: 294.497 GC heap before
{Heap before GC invocations=46 (full 0):
 garbage-first heap   total 270336K, used 203921K [0x000000070a800000, 0x0000000800000000)
  region size 2048K, 48 young (98304K), 4 survivors (8192K)
 Metaspace       used 49544K, committed 50240K, reserved 1114112K
  class space    used 5268K, committed 5568K, reserved 1048576K
}
Event: 294.554 GC heap after
{Heap after GC invocations=47 (full 0):
 garbage-first heap   total 270336K, used 114422K [0x000000070a800000, 0x0000000800000000)
  region size 2048K, 3 young (6144K), 3 survivors (6144K)
 Metaspace       used 49544K, committed 50240K, reserved 1114112K
  class space    used 5268K, committed 5568K, reserved 1048576K
}
Event: 294.939 GC heap before
{Heap before GC invocations=47 (full 0):
 garbage-first heap   total 270336K, used 239350K [0x000000070a800000, 0x0000000800000000)
  region size 2048K, 64 young (131072K), 3 survivors (6144K)
 Metaspace       used 49567K, committed 50240K, reserved 1114112K
  class space    used 5269K, committed 5568K, reserved 1048576K
}
Event: 294.961 GC heap after
{Heap after GC invocations=48 (full 0):
 garbage-first heap   total 325632K, used 101047K [0x000000070a800000, 0x0000000800000000)
  region size 2048K, 3 young (6144K), 3 survivors (6144K)
 Metaspace       used 49567K, committed 50240K, reserved 1114112K
  class space    used 5269K, committed 5568K, reserved 1048576K
}

Dll operation events (8 events):
Event: 0.016 Loaded shared library C:\Program Files\Java\jdk-21\bin\java.dll
Event: 0.073 Loaded shared library C:\Program Files\Java\jdk-21\bin\jsvml.dll
Event: 0.112 Loaded shared library C:\Program Files\Java\jdk-21\bin\net.dll
Event: 0.116 Loaded shared library C:\Program Files\Java\jdk-21\bin\nio.dll
Event: 0.123 Loaded shared library C:\Program Files\Java\jdk-21\bin\zip.dll
Event: 0.485 Loaded shared library C:\Program Files\Java\jdk-21\bin\jimage.dll
Event: 0.489 Loaded shared library C:\Users\samen\.m2\wrapper\dists\apache-maven-3.9.11\03d7e36a140982eea48e22c1dcac01d8862b2550b2939e09a0809bbc5182a5bc\lib\jansi-native\Windows\x86_64\jansi.dll
Event: 0.528 Loaded shared library C:\Program Files\Java\jdk-21\bin\verify.dll

Deoptimization events (20 events):
Event: 303.534 Thread 0x000001db233bf400 Uncommon trap: trap_request=0xffffff45 fr.pc=0x000001db34f54288 relative=0x0000000000000328
Event: 303.534 Thread 0x000001db233bf400 Uncommon trap: reason=unstable_if action=reinterpret pc=0x000001db34f54288 method=java.util.zip.Inflater.inflate([BII)I @ 31 c2
Event: 303.534 Thread 0x000001db233bf400 DEOPT PACKING pc=0x000001db34f54288 sp=0x000000ad648fdfc0
Event: 303.534 Thread 0x000001db233bf400 DEOPT UNPACKING pc=0x000001db344f46a2 sp=0x000000ad648fdf30 mode 2
Event: 303.540 Thread 0x000001db233bf400 Uncommon trap: trap_request=0xffffff45 fr.pc=0x000001db35070254 relative=0x0000000000000134
Event: 303.540 Thread 0x000001db233bf400 Uncommon trap: reason=unstable_if action=reinterpret pc=0x000001db35070254 method=java.util.concurrent.TimeUnit.toMillis(J)J @ 18 c2
Event: 303.540 Thread 0x000001db233bf400 DEOPT PACKING pc=0x000001db35070254 sp=0x000000ad648fde90
Event: 303.540 Thread 0x000001db233bf400 DEOPT UNPACKING pc=0x000001db344f46a2 sp=0x000000ad648fddf8 mode 2
Event: 303.865 Thread 0x000001db233bf400 Uncommon trap: trap_request=0xffffff45 fr.pc=0x000001db351cab5c relative=0x000000000000029c
Event: 303.865 Thread 0x000001db233bf400 Uncommon trap: reason=unstable_if action=reinterpret pc=0x000001db351cab5c method=java.lang.String.regionMatches(ZILjava/lang/String;II)Z @ 36 c2
Event: 303.865 Thread 0x000001db233bf400 DEOPT PACKING pc=0x000001db351cab5c sp=0x000000ad648fdf10
Event: 303.865 Thread 0x000001db233bf400 DEOPT UNPACKING pc=0x000001db344f46a2 sp=0x000000ad648fdea8 mode 2
Event: 304.086 Thread 0x000001db233bf400 Uncommon trap: trap_request=0xffffff45 fr.pc=0x000001db357e6b48 relative=0x0000000000001028
Event: 304.087 Thread 0x000001db233bf400 Uncommon trap: reason=unstable_if action=reinterpret pc=0x000001db357e6b48 method=java.util.zip.ZipInputStream.read([BII)I @ 13 c2
Event: 304.087 Thread 0x000001db233bf400 DEOPT PACKING pc=0x000001db357e6b48 sp=0x000000ad648fdc90
Event: 304.087 Thread 0x000001db233bf400 DEOPT UNPACKING pc=0x000001db344f46a2 sp=0x000000ad648fdc90 mode 2
Event: 307.513 Thread 0x000001db233bf400 Uncommon trap: trap_request=0xffffffe4 fr.pc=0x000001db35804078 relative=0x0000000000000d78
Event: 307.513 Thread 0x000001db233bf400 Uncommon trap: reason=range_check action=make_not_entrant pc=0x000001db35804078 method=java.util.zip.ZipUtils.get16([BI)I @ 11 c2
Event: 307.513 Thread 0x000001db233bf400 DEOPT PACKING pc=0x000001db35804078 sp=0x000000ad648fddf0
Event: 307.513 Thread 0x000001db233bf400 DEOPT UNPACKING pc=0x000001db344f46a2 sp=0x000000ad648fdd10 mode 2

Classes loaded (20 events):
Event: 300.954 Loading class javax/management/MBeanServerConnection
Event: 300.955 Loading class javax/management/MBeanServerConnection done
Event: 300.956 Loading class javax/management/ReflectionException
Event: 300.956 Loading class javax/management/ReflectionException done
Event: 300.969 Loading class java/util/jar/JarOutputStream
Event: 300.971 Loading class java/util/jar/JarOutputStream done
Event: 302.792 Loading class java/net/HttpURLConnection
Event: 302.794 Loading class java/net/HttpURLConnection done
Event: 302.807 Loading class java/util/stream/DistinctOps
Event: 302.807 Loading class java/util/stream/DistinctOps done
Event: 302.807 Loading class java/util/stream/DistinctOps$1
Event: 302.808 Loading class java/util/stream/DistinctOps$1 done
Event: 302.816 Loading class java/util/stream/DistinctOps$1$2
Event: 302.816 Loading class java/util/stream/DistinctOps$1$2 done
Event: 302.848 Loading class java/util/jar/JarInputStream
Event: 302.849 Loading class java/util/jar/JarInputStream done
Event: 303.087 Loading class java/io/FileFilter
Event: 303.088 Loading class java/io/FileFilter done
Event: 303.096 Loading class sun/security/util/ManifestEntryVerifier
Event: 303.097 Loading class sun/security/util/ManifestEntryVerifier done

Classes unloaded (0 events):
No events

Classes redefined (0 events):
No events

Internal exceptions (20 events):
Event: 113.999 Thread 0x000001db233bf400 Exception <a 'sun/nio/fs/WindowsException'{0x0000000716d1f468}> (0x0000000716d1f468) 
thrown [s\open\src\hotspot\share\prims\jni.cpp, line 520]
Event: 114.000 Thread 0x000001db233bf400 Exception <a 'sun/nio/fs/WindowsException'{0x0000000716d32908}> (0x0000000716d32908) 
thrown [s\open\src\hotspot\share\prims\jni.cpp, line 520]
Event: 114.001 Thread 0x000001db233bf400 Exception <a 'sun/nio/fs/WindowsException'{0x0000000716d666f8}> (0x0000000716d666f8) 
thrown [s\open\src\hotspot\share\prims\jni.cpp, line 520]
Event: 114.001 Thread 0x000001db233bf400 Exception <a 'sun/nio/fs/WindowsException'{0x0000000716d676e8}> (0x0000000716d676e8) 
thrown [s\open\src\hotspot\share\prims\jni.cpp, line 520]
Event: 118.048 Thread 0x000001db233bf400 Implicit null exception at 0x000001db353aca9a to 0x000001db353ad7c8
Event: 118.122 Thread 0x000001db233bf400 Implicit null exception at 0x000001db353aca9a to 0x000001db353ad7c8
Event: 118.132 Thread 0x000001db233bf400 Implicit null exception at 0x000001db353aca9a to 0x000001db353ad7c8
Event: 118.157 Thread 0x000001db233bf400 Implicit null exception at 0x000001db353aca9a to 0x000001db353ad7c8
Event: 119.413 Thread 0x000001db8c106650 Exception <a 'java/lang/NoSuchMethodError'{0x0000000715486d68}: 'java.lang.Object java.lang.invoke.DirectMethodHandle$Holder.invokeStatic(java.lang.Object, long, java.lang.Object)'> (0x0000000715486d68) 
thrown [s\open\src\hotspot\share\interpreter\linkResolver.cpp, line 773]
Event: 119.414 Thread 0x000001db8c106650 Exception <a 'java/lang/NoSuchMethodError'{0x000000071548a120}: 'java.lang.Object java.lang.invoke.DirectMethodHandle$Holder.invokeStaticInit(java.lang.Object, long, java.lang.Object)'> (0x000000071548a120) 
thrown [s\open\src\hotspot\share\interpreter\linkResolver.cpp, line 773]
Event: 119.415 Thread 0x000001db8c106650 Exception <a 'java/lang/NoSuchMethodError'{0x000000071548f500}: 'java.lang.Object java.lang.invoke.DirectMethodHandle$Holder.newInvokeSpecial(java.lang.Object, long)'> (0x000000071548f500) 
thrown [s\open\src\hotspot\share\interpreter\linkResolver.cpp, line 773]
Event: 119.431 Thread 0x000001db8c106650 Exception <a 'java/lang/NoSuchMethodError'{0x0000000715493ca8}: 'long java.lang.invoke.DirectMethodHandle$Holder.invokeInterface(java.lang.Object, java.lang.Object)'> (0x0000000715493ca8) 
thrown [s\open\src\hotspot\share\interpreter\linkResolver.cpp, line 773]
Event: 119.432 Thread 0x000001db8c106650 Exception <a 'java/lang/NoSuchMethodError'{0x0000000715497170}: 'long java.lang.invoke.DelegatingMethodHandle$Holder.reinvoke_L(java.lang.Object, java.lang.Object)'> (0x0000000715497170) 
thrown [s\open\src\hotspot\share\interpreter\linkResolver.cpp, line 773]
Event: 120.038 Thread 0x000001db233bf400 Exception <a 'java/lang/NoSuchMethodError'{0x00000007153baaa8}: 'java.lang.Object java.lang.invoke.DirectMethodHandle$Holder.invokeStaticInit(java.lang.Object, java.lang.Object, int, int, int, int)'> (0x00000007153baaa8) 
thrown [s\open\src\hotspot\share\interpreter\linkResolver.cpp, line 773]
Event: 121.436 Thread 0x000001db233bf400 Exception <a 'java/lang/NoSuchMethodError'{0x00000007145cfd70}: 'void java.lang.invoke.DirectMethodHandle$Holder.invokeStatic(java.lang.Object, long)'> (0x00000007145cfd70) 
thrown [s\open\src\hotspot\share\interpreter\linkResolver.cpp, line 773]
Event: 205.687 Thread 0x000001db8c105fc0 Implicit null exception at 0x000001db34f5a72b to 0x000001db34f5b048
Event: 205.694 Thread 0x000001db8c105fc0 Implicit null exception at 0x000001db34f5990f to 0x000001db34f59b88
Event: 286.137 Thread 0x000001db233bf400 Exception <a 'sun/nio/fs/WindowsException'{0x000000071303a110}> (0x000000071303a110) 
thrown [s\open\src\hotspot\share\prims\jni.cpp, line 520]
Event: 294.662 Thread 0x000001db233bf400 Implicit null exception at 0x000001db352584de to 0x000001db352584ff
Event: 294.662 Thread 0x000001db233bf400 Implicit null exception at 0x000001db356914de to 0x000001db35691548

ZGC Phase Switch (0 events):
No events

VM Operations (20 events):
Event: 300.851 Executing VM operation: Cleanup
Event: 300.852 Executing VM operation: Cleanup done
Event: 300.852 Executing VM operation: RendezvousGCThreads
Event: 300.852 Executing VM operation: RendezvousGCThreads done
Event: 300.969 Executing VM operation: HandshakeAllThreads (Deoptimize)
Event: 300.969 Executing VM operation: HandshakeAllThreads (Deoptimize) done
Event: 301.976 Executing VM operation: Cleanup
Event: 301.976 Executing VM operation: Cleanup done
Event: 302.816 Executing VM operation: HandshakeAllThreads (Deoptimize)
Event: 302.816 Executing VM operation: HandshakeAllThreads (Deoptimize) done
Event: 302.852 Executing VM operation: HandshakeAllThreads (Deoptimize)
Event: 302.852 Executing VM operation: HandshakeAllThreads (Deoptimize) done
Event: 303.825 Executing VM operation: HandshakeAllThreads (Deoptimize)
Event: 303.825 Executing VM operation: HandshakeAllThreads (Deoptimize) done
Event: 303.825 Executing VM operation: Cleanup
Event: 303.825 Executing VM operation: Cleanup done
Event: 304.837 Executing VM operation: Cleanup
Event: 304.837 Executing VM operation: Cleanup done
Event: 305.844 Executing VM operation: Cleanup
Event: 305.844 Executing VM operation: Cleanup done

Events (20 events):
Event: 297.914 Thread 0x000001db8c108db0 Thread exited: 0x000001db8c108db0
Event: 297.914 Thread 0x000001db8c10a160 Thread exited: 0x000001db8c10a160
Event: 297.914 Thread 0x000001db8dec8e80 Thread exited: 0x000001db8dec8e80
Event: 297.914 Thread 0x000001db8c109ad0 Thread exited: 0x000001db8c109ad0
Event: 297.915 Thread 0x000001db8dec87f0 Thread exited: 0x000001db8dec87f0
Event: 300.722 Thread 0x000001db44d64760 Thread exited: 0x000001db44d64760
Event: 301.900 Thread 0x000001db44d65500 Thread exited: 0x000001db44d65500
Event: 301.900 Thread 0x000001db44d67040 Thread exited: 0x000001db44d67040
Event: 302.265 Thread 0x000001db8a987a60 Thread exited: 0x000001db8a987a60
Event: 302.869 Thread 0x000001db8a9865f0 Thread exited: 0x000001db8a9865f0
Event: 303.149 Thread 0x000001db44d67040 Thread added: 0x000001db44d67040
Event: 303.531 Thread 0x000001db44d65500 Thread added: 0x000001db44d65500
Event: 303.531 Thread 0x000001db8a9865f0 Thread added: 0x000001db8a9865f0
Event: 303.552 Thread 0x000001db8a987a60 Thread added: 0x000001db8a987a60
Event: 303.644 Thread 0x000001db925647d0 Thread added: 0x000001db925647d0
Event: 303.968 Thread 0x000001db925647d0 Thread exited: 0x000001db925647d0
Event: 303.968 Thread 0x000001db8a987a60 Thread exited: 0x000001db8a987a60
Event: 305.388 Thread 0x000001db8a9865f0 Thread exited: 0x000001db8a9865f0
Event: 305.388 Thread 0x000001db44d65500 Thread exited: 0x000001db44d65500
Event: 306.561 Thread 0x000001db44d67040 Thread exited: 0x000001db44d67040


Dynamic libraries:
0x00007ff69cf60000 - 0x00007ff69cf70000 	C:\Program Files\Java\jdk-21\bin\java.exe
0x00007ff9f3d60000 - 0x00007ff9f3fc7000 	C:\windows\SYSTEM32\ntdll.dll
0x00007ff9f36d0000 - 0x00007ff9f3799000 	C:\windows\System32\KERNEL32.DLL
0x00007ff9f10b0000 - 0x00007ff9f149f000 	C:\windows\System32\KERNELBASE.dll
0x00007ff9f0f60000 - 0x00007ff9f10ab000 	C:\windows\System32\ucrtbase.dll
0x00007ff9e0930000 - 0x00007ff9e0949000 	C:\Program Files\Java\jdk-21\bin\jli.dll
0x00007ff9d2d80000 - 0x00007ff9d2d9b000 	C:\Program Files\Java\jdk-21\bin\VCRUNTIME140.dll
0x00007ff9f2bf0000 - 0x00007ff9f2ca4000 	C:\windows\System32\ADVAPI32.dll
0x00007ff9f2330000 - 0x00007ff9f23d9000 	C:\windows\System32\msvcrt.dll
0x00007ff9f3430000 - 0x00007ff9f34d6000 	C:\windows\System32\sechost.dll
0x00007ff9f1b00000 - 0x00007ff9f1c18000 	C:\windows\System32\RPCRT4.dll
0x00007ff9f1f50000 - 0x00007ff9f2115000 	C:\windows\System32\USER32.dll
0x00007ff9f1560000 - 0x00007ff9f1587000 	C:\windows\System32\win32u.dll
0x00007ff9f21a0000 - 0x00007ff9f21cb000 	C:\windows\System32\GDI32.dll
0x00007ff9d8630000 - 0x00007ff9d88c3000 	C:\windows\WinSxS\amd64_microsoft.windows.common-controls_6595b64144ccf1df_6.0.26100.7309_none_3e05feeae336a044\COMCTL32.dll
0x00007ff9f1910000 - 0x00007ff9f1a3c000 	C:\windows\System32\gdi32full.dll
0x00007ff9f14b0000 - 0x00007ff9f1553000 	C:\windows\System32\msvcp_win.dll
0x00007ff9e85d0000 - 0x00007ff9e85db000 	C:\windows\SYSTEM32\VERSION.dll
0x00007ff9f37a0000 - 0x00007ff9f37d1000 	C:\windows\System32\IMM32.DLL
0x00007ff9c7920000 - 0x00007ff9c792c000 	C:\Program Files\Java\jdk-21\bin\vcruntime140_1.dll
0x00007ff9bf020000 - 0x00007ff9bf0ae000 	C:\Program Files\Java\jdk-21\bin\msvcp140.dll
0x00007ff9bdca0000 - 0x00007ff9be9bd000 	C:\Program Files\Java\jdk-21\bin\server\jvm.dll
0x00007ff9f2cb0000 - 0x00007ff9f2d24000 	C:\windows\System32\WS2_32.dll
0x00007ff9f0d10000 - 0x00007ff9f0d6e000 	C:\windows\SYSTEM32\POWRPROF.dll
0x00007ff9e6f90000 - 0x00007ff9e6fc5000 	C:\windows\SYSTEM32\WINMM.dll
0x00007ff9f0cf0000 - 0x00007ff9f0d04000 	C:\windows\SYSTEM32\UMPDC.dll
0x00007ff9efc60000 - 0x00007ff9efc7b000 	C:\windows\SYSTEM32\kernel.appcore.dll
0x00007ff9c56f0000 - 0x00007ff9c56fa000 	C:\Program Files\Java\jdk-21\bin\jimage.dll
0x00007ff9e6270000 - 0x00007ff9e64b2000 	C:\windows\SYSTEM32\DBGHELP.DLL
0x00007ff9f3920000 - 0x00007ff9f3ca6000 	C:\windows\System32\combase.dll
0x00007ff9f2250000 - 0x00007ff9f2326000 	C:\windows\System32\OLEAUT32.dll
0x00007ff9dcf30000 - 0x00007ff9dcf6c000 	C:\windows\SYSTEM32\dbgcore.DLL
0x00007ff9f0eb0000 - 0x00007ff9f0f55000 	C:\windows\System32\bcryptPrimitives.dll
0x00007ff9c16b0000 - 0x00007ff9c16cf000 	C:\Program Files\Java\jdk-21\bin\java.dll
0x00007ff9f2400000 - 0x00007ff9f2b53000 	C:\windows\System32\SHELL32.dll
0x00007ff9f1590000 - 0x00007ff9f16fa000 	C:\windows\System32\wintypes.dll
0x00007ff9eeab0000 - 0x00007ff9ef30e000 	C:\windows\SYSTEM32\windows.storage.dll
0x00007ff9f31c0000 - 0x00007ff9f32b5000 	C:\windows\System32\SHCORE.dll
0x00007ff9f3cb0000 - 0x00007ff9f3d16000 	C:\windows\System32\shlwapi.dll
0x00007ff9f0dd0000 - 0x00007ff9f0df9000 	C:\windows\SYSTEM32\profapi.dll
0x00007ff991a40000 - 0x00007ff991b17000 	C:\Program Files\Java\jdk-21\bin\jsvml.dll
0x00007ff9c4cf0000 - 0x00007ff9c4d00000 	C:\Program Files\Java\jdk-21\bin\net.dll
0x00007ff9e9b20000 - 0x00007ff9e9c48000 	C:\windows\SYSTEM32\WINHTTP.dll
0x00007ff9f01d0000 - 0x00007ff9f023b000 	C:\windows\system32\mswsock.dll
0x00007ff9c1530000 - 0x00007ff9c1546000 	C:\Program Files\Java\jdk-21\bin\nio.dll
0x00007ff9c1510000 - 0x00007ff9c1528000 	C:\Program Files\Java\jdk-21\bin\zip.dll
0x00007ff9930b0000 - 0x00007ff9930d4000 	C:\Users\samen\.m2\wrapper\dists\apache-maven-3.9.11\03d7e36a140982eea48e22c1dcac01d8862b2550b2939e09a0809bbc5182a5bc\lib\jansi-native\Windows\x86_64\jansi.dll
0x00007ff9d9700000 - 0x00007ff9d9710000 	C:\Program Files\Java\jdk-21\bin\verify.dll
0x00007ff9efd80000 - 0x00007ff9efdb6000 	C:\windows\SYSTEM32\ntmarta.dll
0x00007ff9f04a0000 - 0x00007ff9f04bb000 	C:\windows\SYSTEM32\CRYPTSP.dll
0x00007ff9efbc0000 - 0x00007ff9efbfa000 	C:\windows\system32\rsaenh.dll
0x00007ff9f0280000 - 0x00007ff9f02ab000 	C:\windows\SYSTEM32\USERENV.dll
0x00007ff9f0da0000 - 0x00007ff9f0dca000 	C:\windows\SYSTEM32\bcrypt.dll
0x00007ff9f0490000 - 0x00007ff9f049c000 	C:\windows\SYSTEM32\CRYPTBASE.dll
0x00007ff9ef650000 - 0x00007ff9ef684000 	C:\windows\SYSTEM32\IPHLPAPI.DLL
0x00007ff9f2b60000 - 0x00007ff9f2b6a000 	C:\windows\System32\NSI.dll

dbghelp: loaded successfully - version: 4.0.5 - missing functions: none
symbol engine: initialized successfully - sym options: 0x614 - pdb path: .;C:\Program Files\Java\jdk-21\bin;C:\windows\SYSTEM32;C:\windows\WinSxS\amd64_microsoft.windows.common-controls_6595b64144ccf1df_6.0.26100.7309_none_3e05feeae336a044;C:\Program Files\Java\jdk-21\bin\server;C:\Users\samen\.m2\wrapper\dists\apache-maven-3.9.11\03d7e36a140982eea48e22c1dcac01d8862b2550b2939e09a0809bbc5182a5bc\lib\jansi-native\Windows\x86_64

VM Arguments:
jvm_args: --enable-native-access=ALL-UNNAMED -Dclassworlds.conf=C:\Users\samen\.m2\wrapper\dists\apache-maven-3.9.11\03d7e36a140982eea48e22c1dcac01d8862b2550b2939e09a0809bbc5182a5bc\bin\m2.conf -Dmaven.home=C:\Users\samen\.m2\wrapper\dists\apache-maven-3.9.11\03d7e36a140982eea48e22c1dcac01d8862b2550b2939e09a0809bbc5182a5bc -Dlibrary.jansi.path=C:\Users\samen\.m2\wrapper\dists\apache-maven-3.9.11\03d7e36a140982eea48e22c1dcac01d8862b2550b2939e09a0809bbc5182a5bc\lib\jansi-native -Dmaven.multiModuleProjectDirectory=D:\Documents\EADL\Semestre_1\Projet CC Nkdonjoh\medicam-backend 
java_command: org.codehaus.plexus.classworlds.launcher.Launcher clean verify org.sonarsource.scanner.maven:sonar-maven-plugin:sonar -Dsonar.projectKey=easypharma-frontend -Dsonar.projectName='easypharma-frontend' -Dsonar.host.url=http://localhost:9000 -Dsonar.token=sqp_e550e7e5caf173d4de34341dd0c9671aab87c5b1
java_class_path (initial): C:\Users\samen\.m2\wrapper\dists\apache-maven-3.9.11\03d7e36a140982eea48e22c1dcac01d8862b2550b2939e09a0809bbc5182a5bc\boot\plexus-classworlds-2.9.0.jar
Launcher Type: SUN_STANDARD

[Global flags]
     intx CICompilerCount                          = 12                                        {product} {ergonomic}
     uint ConcGCThreads                            = 3                                         {product} {ergonomic}
     uint G1ConcRefinementThreads                  = 13                                        {product} {ergonomic}
   size_t G1HeapRegionSize                         = 2097152                                   {product} {ergonomic}
    uintx GCDrainStackTargetSize                   = 64                                        {product} {ergonomic}
   size_t InitialHeapSize                          = 257949696                                 {product} {ergonomic}
   size_t MarkStackSize                            = 4194304                                   {product} {ergonomic}
   size_t MaxHeapSize                              = 4118806528                                {product} {ergonomic}
   size_t MaxNewSize                               = 2470445056                                {product} {ergonomic}
   size_t MinHeapDeltaBytes                        = 2097152                                   {product} {ergonomic}
   size_t MinHeapSize                              = 8388608                                   {product} {ergonomic}
    uintx NonNMethodCodeHeapSize                   = 7602480                                {pd product} {ergonomic}
    uintx NonProfiledCodeHeapSize                  = 122027880                              {pd product} {ergonomic}
    uintx ProfiledCodeHeapSize                     = 122027880                              {pd product} {ergonomic}
    uintx ReservedCodeCacheSize                    = 251658240                              {pd product} {ergonomic}
     bool SegmentedCodeCache                       = true                                      {product} {ergonomic}
   size_t SoftMaxHeapSize                          = 4118806528                             {manageable} {ergonomic}
     bool UseCompressedOops                        = true                           {product lp64_product} {ergonomic}
     bool UseG1GC                                  = true                                      {product} {ergonomic}
     bool UseLargePagesIndividualAllocation        = false                                  {pd product} {ergonomic}

Logging:
Log output configuration:
 #0: stdout all=warning uptime,level,tags foldmultilines=false
 #1: stderr all=off uptime,level,tags foldmultilines=false

Environment Variables:
PATH=C:\Program Files\Java\jdk-21\bin;C:\windows\system32;C:\windows;C:\windows\System32\Wbem;C:\windows\System32\WindowsPowerShell\v1.0\;C:\windows\System32\OpenSSH\;C:\Program Files\HP\HP One Agent;C:\Program Files\nodejs\;C:\Program Files\Git\cmd;C:\Users\samen\.config\herd\bin\php84;C:\ProgramData\ComposerSetup\bin;C:\Redis-windows;C:\Users\samen\.config\herd\bin\nvm;C:\Program Files\nodejs;C:\Program Files\dotnet\;;C:\Program Files\Docker\Docker\resources\bin;C:\Users\samen\.local\bin;C:\Users\samen\.config\herd\bin;C:\Users\samen\AppData\Local\Microsoft\WindowsApps;C:\Users\samen\AppData\Roaming\npm;C:\Users\samen\AppData\Roaming\Composer\vendor\bin;C:\Program Files\JetBrains\PhpStorm 2025.2.4\bin;C:\Program Files\JetBrains\IntelliJ IDEA 2025.2.4\bin;C:\Users\samen\.lmstudio\bin;C:\Users\samen\AppData\Local\Python\bin;C:\Users\samen\AppData\Local\Programs\Antigravity\bin;C:\Users\samen\AppData\Local\Microsoft\WinGet\Packages\cURL.cURL_Microsoft.Winget.Source_8wekyb3d8bbwe\curl-8.17.0_6-win64-mingw/bin;
USERNAME=samen
TERM=xterm
OS=Windows_NT
PROCESSOR_IDENTIFIER=AMD64 Family 25 Model 80 Stepping 0, AuthenticAMD
TMP=C:\Users\samen\AppData\Local\Temp
TEMP=C:\Users\samen\AppData\Local\Temp




Periodic native trim disabled

---------------  S Y S T E M  ---------------

OS:
 Windows 11 , 64 bit Build 26100 (10.0.26100.7623)
OS uptime: 0 days 15:04 hours
Hyper-V role detected

CPU: total 16 (initial active 16) (16 cores per cpu, 2 threads per core) family 25 model 80 stepping 0 microcode 0xa500014, cx8, cmov, fxsr, ht, mmx, 3dnowpref, sse, sse2, sse3, ssse3, sse4a, sse4.1, sse4.2, popcnt, lzcnt, tsc, tscinvbit, avx, avx2, aes, erms, clmul, bmi1, bmi2, adx, sha, fma, vzeroupper, clflush, clflushopt, hv, rdtscp, rdpid, fsrm, f16c, cet_ss
Processor Information for processor 0
  Max Mhz: 2000, Current Mhz: 1890, Mhz Limit: 2000
Processor Information for processor 1
  Max Mhz: 2000, Current Mhz: 1890, Mhz Limit: 2000
Processor Information for processor 2
  Max Mhz: 2000, Current Mhz: 1890, Mhz Limit: 2000
Processor Information for processor 3
  Max Mhz: 2000, Current Mhz: 1890, Mhz Limit: 2000
Processor Information for processor 4
  Max Mhz: 2000, Current Mhz: 1890, Mhz Limit: 2000
Processor Information for processor 5
  Max Mhz: 2000, Current Mhz: 1890, Mhz Limit: 2000
Processor Information for processor 6
  Max Mhz: 2000, Current Mhz: 1808, Mhz Limit: 2000
Processor Information for processor 7
  Max Mhz: 2000, Current Mhz: 1890, Mhz Limit: 2000
Processor Information for processor 8
  Max Mhz: 2000, Current Mhz: 1890, Mhz Limit: 2000
Processor Information for processor 9
  Max Mhz: 2000, Current Mhz: 1890, Mhz Limit: 2000
Processor Information for processor 10
  Max Mhz: 2000, Current Mhz: 1890, Mhz Limit: 2000
Processor Information for processor 11
  Max Mhz: 2000, Current Mhz: 1890, Mhz Limit: 2000
Processor Information for processor 12
  Max Mhz: 2000, Current Mhz: 1890, Mhz Limit: 2000
Processor Information for processor 13
  Max Mhz: 2000, Current Mhz: 1890, Mhz Limit: 2000
Processor Information for processor 14
  Max Mhz: 2000, Current Mhz: 1808, Mhz Limit: 2000
Processor Information for processor 15
  Max Mhz: 2000, Current Mhz: 1890, Mhz Limit: 2000

Memory: 4k page, system-wide physical 15711M (763M free)
TotalPageFile size 53500M (AvailPageFile size 0M)
current process WorkingSet (physical memory assigned to process): 474M, peak: 642M
current process commit charge ("private bytes"): 640M, peak: 817M

vm_info: Java HotSpot(TM) 64-Bit Server VM (21.0.9+7-LTS-338) for windows-amd64 JRE (21.0.9+7-LTS-338), built on 2025-09-26T06:33:49Z by "mach5run" with MS VC++ 17.6 (VS2022)

END.
