#
# There is insufficient memory for the Java Runtime Environment to continue.
# Native memory allocation (malloc) failed to allocate 1048576 bytes for AllocateHeap
# Possible reasons:
#   The system is out of physical RAM or swap space
#   The process is running with CompressedOops enabled, and the Java Heap may be blocking the growth of the native heap
# Possible solutions:
#   Reduce memory load on the system
#   Increase physical memory or swap space
#   Check if swap backing store is full
#   Decrease Java heap size (-Xmx/-Xms)
#   Decrease number of Java threads
#   Decrease Java thread stack sizes (-Xss)
#   Set larger code cache with -XX:ReservedCodeCacheSize=
#   JVM is running with Zero Based Compressed Oops mode in which the Java heap is
#     placed in the first 32GB address space. The Java Heap base address is the
#     maximum limit for the native heap growth. Please use -XX:HeapBaseMinAddress
#     to set the Java Heap base and to place the Java Heap above 32GB virtual address.
# This output file may be truncated or incomplete.
#
#  Out of Memory Error (allocation.cpp:44), pid=43588, tid=35432
#
# JRE version: Java(TM) SE Runtime Environment (21.0.9+7) (build 21.0.9+7-LTS-338)
# Java VM: Java HotSpot(TM) 64-Bit Server VM (21.0.9+7-LTS-338, mixed mode, emulated-client, sharing, tiered, compressed oops, compressed class ptrs, g1 gc, windows-amd64)
# No core dump will be written. Minidumps are not enabled by default on client versions of Windows
#

---------------  S U M M A R Y ------------

Command Line: -XX:TieredStopAtLevel=1 -Dspring.output.ansi.enabled=always -Dcom.sun.management.jmxremote -Dspring.jmx.enabled=true -Dspring.liveBeansView.mbeanDomain -Dspring.application.admin.enabled=true -Dmanagement.endpoints.jmx.exposure.include=* -javaagent:C:\Program Files\JetBrains\IntelliJ IDEA 2025.2.4\lib\idea_rt.jar=65369 -Dfile.encoding=UTF-8 -Dsun.stdout.encoding=UTF-8 -Dsun.stderr.encoding=UTF-8 com.app.easypharma_backend.EasypharmaApplication

Host: AMD Ryzen 7 5825U with Radeon Graphics         , 16 cores, 15G,  Windows 11 , 64 bit Build 26100 (10.0.26100.7309)
Time: Tue Jan 13 13:57:24 2026 Afr. centrale Ouest elapsed time: 7226.645830 seconds (0d 2h 0m 26s)

---------------  T H R E A D  ---------------

Current thread (0x0000026abe58f3f0):  VMThread "VM Thread"          [id=35432, stack(0x000000d6bda00000,0x000000d6bdb00000) (1024K)]

Stack: [0x000000d6bda00000,0x000000d6bdb00000]
Native frames: (J=compiled Java code, j=interpreted, Vv=VM code, C=native code)
V  [jvm.dll+0x6cbf89]
V  [jvm.dll+0x858421]
V  [jvm.dll+0x85a94e]
V  [jvm.dll+0x85b023]
V  [jvm.dll+0x27ebc6]
V  [jvm.dll+0xbfae7]
V  [jvm.dll+0x3453a2]
V  [jvm.dll+0x33fdce]
V  [jvm.dll+0x328838]
V  [jvm.dll+0x36b6d4]
V  [jvm.dll+0x860df0]
V  [jvm.dll+0x862174]
V  [jvm.dll+0x8626b0]
V  [jvm.dll+0x862953]
V  [jvm.dll+0x80265b]
V  [jvm.dll+0x6ca66d]
C  [ucrtbase.dll+0x37b0]
C  [KERNEL32.DLL+0x2e8d7]
C  [ntdll.dll+0x8c53c]

VM_Operation (0x000000d6bd0ff490): G1CollectFull, mode: safepoint, requested by thread 0x0000026b087a2b80


---------------  P R O C E S S  ---------------

Threads class SMR info:
_java_thread_list=0x0000026b07a64b60, length=21, elements={
0x0000026abe5ab7c0, 0x0000026abe5ac220, 0x0000026abf1921c0, 0x0000026abf192e80,
0x0000026abf1950b0, 0x0000026abf197b20, 0x0000026abf1a3500, 0x0000026abf3655c0,
0x0000026abfa1b6a0, 0x0000026abfa1bd10, 0x0000026abfbcf960, 0x0000026b055d5450,
0x0000026b087a1e60, 0x0000026b087a5970, 0x0000026b08d80450, 0x0000026b08d82520,
0x0000026b08d7f730, 0x0000026b08d81170, 0x0000026b087a2b80, 0x0000026b087a38a0,
0x0000026b0e494230
}

Java Threads: ( => current thread )
  0x0000026abe5ab7c0 JavaThread "Reference Handler"          daemon [_thread_blocked, id=30572, stack(0x000000d6bdb00000,0x000000d6bdc00000) (1024K)]
  0x0000026abe5ac220 JavaThread "Finalizer"                  daemon [_thread_blocked, id=18440, stack(0x000000d6bdc00000,0x000000d6bdd00000) (1024K)]
  0x0000026abf1921c0 JavaThread "Signal Dispatcher"          daemon [_thread_blocked, id=3932, stack(0x000000d6bdd00000,0x000000d6bde00000) (1024K)]
  0x0000026abf192e80 JavaThread "Attach Listener"            daemon [_thread_blocked, id=35492, stack(0x000000d6bde00000,0x000000d6bdf00000) (1024K)]
  0x0000026abf1950b0 JavaThread "Service Thread"             daemon [_thread_blocked, id=12132, stack(0x000000d6bdf00000,0x000000d6be000000) (1024K)]
  0x0000026abf197b20 JavaThread "Monitor Deflation Thread"   daemon [_thread_blocked, id=44084, stack(0x000000d6be000000,0x000000d6be100000) (1024K)]
  0x0000026abf1a3500 JavaThread "C1 CompilerThread0"         daemon [_thread_blocked, id=38268, stack(0x000000d6be100000,0x000000d6be200000) (1024K)]
  0x0000026abf3655c0 JavaThread "Common-Cleaner"             daemon [_thread_blocked, id=42788, stack(0x000000d6be300000,0x000000d6be400000) (1024K)]
  0x0000026abfa1b6a0 JavaThread "Monitor Ctrl-Break"         daemon [_thread_in_native, id=40320, stack(0x000000d6be600000,0x000000d6be700000) (1024K)]
  0x0000026abfa1bd10 JavaThread "Notification Thread"        daemon [_thread_blocked, id=24584, stack(0x000000d6be700000,0x000000d6be800000) (1024K)]
  0x0000026abfbcf960 JavaThread "RMI TCP Accept-0"           daemon [_thread_in_native, id=42924, stack(0x000000d6be800000,0x000000d6be900000) (1024K)]
  0x0000026b055d5450 JavaThread "RMI Scheduler(0)"           daemon [_thread_blocked, id=4448, stack(0x000000d6bef00000,0x000000d6bf000000) (1024K)]
  0x0000026b087a1e60 JavaThread "Live Reload Server"         daemon [_thread_in_native, id=30908, stack(0x000000d6c0700000,0x000000d6c0800000) (1024K)]
  0x0000026b087a5970 JavaThread "DestroyJavaVM"                     [_thread_blocked, id=38080, stack(0x000000d6bd300000,0x000000d6bd400000) (1024K)]
  0x0000026b08d80450 JavaThread "boundedElastic-evictor-1"   daemon [_thread_blocked, id=36876, stack(0x000000d6bf100000,0x000000d6bf200000) (1024K)]
  0x0000026b08d82520 JavaThread "PostgreSQL-JDBC-Cleaner"    daemon [_thread_blocked, id=25864, stack(0x000000d6bff00000,0x000000d6c0000000) (1024K)]
  0x0000026b08d7f730 JavaThread "Catalina-utility-1"                [_thread_blocked, id=31812, stack(0x000000d6bd100000,0x000000d6bd200000) (1024K)]
  0x0000026b08d81170 JavaThread "Catalina-utility-2"                [_thread_blocked, id=20544, stack(0x000000d6be200000,0x000000d6be300000) (1024K)]
  0x0000026b087a2b80 JavaThread "Thread-19"                         [_thread_blocked, id=41940, stack(0x000000d6bd000000,0x000000d6bd100000) (1024K)]
  0x0000026b087a38a0 JavaThread "globalEventExecutor-2-10"          [_thread_blocked, id=44764, stack(0x000000d6c0100000,0x000000d6c0200000) (1024K)]
  0x0000026b0e494230 JavaThread "C1 CompilerThread1"         daemon [_thread_blocked, id=48088, stack(0x000000d6bf700000,0x000000d6bf800000) (1024K)]
Total: 21

Other Threads:
=>0x0000026abe58f3f0 VMThread "VM Thread"                           [id=35432, stack(0x000000d6bda00000,0x000000d6bdb00000) (1024K)]
  0x0000026abe57f3a0 WatcherThread "VM Periodic Task Thread"        [id=29428, stack(0x000000d6bd900000,0x000000d6bda00000) (1024K)]
  0x0000026aab8784b0 WorkerThread "GC Thread#0"                     [id=40668, stack(0x000000d6bd400000,0x000000d6bd500000) (1024K)]
  0x0000026abfbe9010 WorkerThread "GC Thread#1"                     [id=40256, stack(0x000000d6be900000,0x000000d6bea00000) (1024K)]
  0x0000026abfbe93c0 WorkerThread "GC Thread#2"                     [id=23484, stack(0x000000d6bea00000,0x000000d6beb00000) (1024K)]
  0x0000026abfbea390 WorkerThread "GC Thread#3"                     [id=35456, stack(0x000000d6beb00000,0x000000d6bec00000) (1024K)]
  0x0000026abfbea740 WorkerThread "GC Thread#4"                     [id=33768, stack(0x000000d6bec00000,0x000000d6bed00000) (1024K)]
  0x0000026abfc6bf30 WorkerThread "GC Thread#5"                     [id=13932, stack(0x000000d6bed00000,0x000000d6bee00000) (1024K)]
  0x0000026b056ecf80 WorkerThread "GC Thread#6"                     [id=42840, stack(0x000000d6bf200000,0x000000d6bf300000) (1024K)]
  0x0000026b056ed330 WorkerThread "GC Thread#7"                     [id=32212, stack(0x000000d6bf300000,0x000000d6bf400000) (1024K)]
  0x0000026b056ed6e0 WorkerThread "GC Thread#8"                     [id=17476, stack(0x000000d6bf400000,0x000000d6bf500000) (1024K)]
  0x0000026b056ee6b0 WorkerThread "GC Thread#9"                     [id=38116, stack(0x000000d6bf500000,0x000000d6bf600000) (1024K)]
  0x0000026b056eea60 WorkerThread "GC Thread#10"                    [id=16500, stack(0x000000d6bf600000,0x000000d6bf700000) (1024K)]
  0x0000026b0586b460 WorkerThread "GC Thread#11"                    [id=26052, stack(0x000000d6bf900000,0x000000d6bfa00000) (1024K)]
  0x0000026b0586b810 WorkerThread "GC Thread#12"                    [id=43720, stack(0x000000d6bfa00000,0x000000d6bfb00000) (1024K)]
  0x0000026aab88b560 ConcurrentGCThread "G1 Main Marker"            [id=20712, stack(0x000000d6bd500000,0x000000d6bd600000) (1024K)]
  0x0000026aab88be80 WorkerThread "G1 Conc#0"                       [id=38608, stack(0x000000d6bd600000,0x000000d6bd700000) (1024K)]
  0x0000026b0586ad00 WorkerThread "G1 Conc#1"                       [id=42536, stack(0x000000d6bfb00000,0x000000d6bfc00000) (1024K)]
  0x0000026b0586a5a0 WorkerThread "G1 Conc#2"                       [id=3940, stack(0x000000d6bfc00000,0x000000d6bfd00000) (1024K)]
  0x0000026aab8be4f0 ConcurrentGCThread "G1 Refine#0"               [id=37016, stack(0x000000d6bd700000,0x000000d6bd800000) (1024K)]
  0x0000026abe44c0e0 ConcurrentGCThread "G1 Service"                [id=12312, stack(0x000000d6bd800000,0x000000d6bd900000) (1024K)]
Total: 21

Threads with active compile tasks:
Total: 0

VM state: at safepoint (normal execution)

VM Mutex/Monitor currently owned by a thread:  ([mutex/lock_event])
[0x00007ffe15c30df0] Threads_lock - owner thread: 0x0000026abe58f3f0
[0x00007ffe15c30ef0] Heap_lock - owner thread: 0x0000026b087a2b80

Heap address: 0x000000070a800000, size: 3928 MB, Compressed Oops mode: Zero based, Oop shift amount: 3

CDS archive(s) mapped at: [0x0000026ac0000000-0x0000026ac0c90000-0x0000026ac0c90000), size 13172736, SharedBaseAddress: 0x0000026ac0000000, ArchiveRelocationMode: 1.
Compressed class space mapped at: 0x0000026ac1000000-0x0000026b01000000, reserved size: 1073741824
Narrow klass base: 0x0000026ac0000000, Narrow klass shift: 0, Narrow klass range: 0x100000000

GC Precious Log:
 CardTable entry size: 512
 Card Set container configuration: InlinePtr #cards 4 size 8 Array Of Cards #cards 16 size 48 Howl #buckets 8 coarsen threshold 3686 Howl Bitmap #cards 512 size 80 coarsen threshold 460 Card regions per heap region 1 cards per card region 4096
 CPUs: 16 total, 16 available
 Memory: 15711M
 Large Page Support: Disabled
 NUMA Support: Disabled
 Compressed Oops: Enabled (Zero based)
 Heap Region Size: 2M
 Heap Min Capacity: 8M
 Heap Initial Capacity: 246M
 Heap Max Capacity: 3928M
 Pre-touch: Disabled
 Parallel Workers: 13
 Concurrent Workers: 3
 Concurrent Refinement Workers: 13
 Periodic GC: Disabled

Heap:
 garbage-first heap   total 178176K, used 141275K [0x000000070a800000, 0x0000000800000000)
  region size 2048K, 39 young (79872K), 4 survivors (8192K)
 Metaspace       used 117185K, committed 118336K, reserved 1179648K
  class space    used 16418K, committed 16960K, reserved 1048576K

Heap Regions: E=young(eden), S=young(survivor), O=old, HS=humongous(starts), HC=humongous(continues), CS=collection set, F=free, TAMS=top-at-mark-start, PB=parsable bottom
|   0|0x000000070a800000, 0x000000070aa00000, 0x000000070aa00000|100%| O|  |TAMS 0x000000070a800000| PB 0x000000070a800000| Untracked 
|   1|0x000000070aa00000, 0x000000070ac00000, 0x000000070ac00000|100%| O|  |TAMS 0x000000070aa00000| PB 0x000000070aa00000| Untracked 
|   2|0x000000070ac00000, 0x000000070adfffd8, 0x000000070ae00000| 99%| O|  |TAMS 0x000000070ac00000| PB 0x000000070ac00000| Untracked 
|   3|0x000000070ae00000, 0x000000070b000000, 0x000000070b000000|100%| O|  |TAMS 0x000000070ae00000| PB 0x000000070ae00000| Untracked 
|   4|0x000000070b000000, 0x000000070b1fffe0, 0x000000070b200000| 99%| O|  |TAMS 0x000000070b000000| PB 0x000000070b000000| Untracked 
|   5|0x000000070b200000, 0x000000070b3ffff0, 0x000000070b400000| 99%| O|  |TAMS 0x000000070b200000| PB 0x000000070b200000| Untracked 
|   6|0x000000070b400000, 0x000000070b5fffd0, 0x000000070b600000| 99%| O|  |TAMS 0x000000070b400000| PB 0x000000070b400000| Untracked 
|   7|0x000000070b600000, 0x000000070b7fff70, 0x000000070b800000| 99%| O|  |TAMS 0x000000070b600000| PB 0x000000070b600000| Untracked 
|   8|0x000000070b800000, 0x000000070ba00000, 0x000000070ba00000|100%| O|  |TAMS 0x000000070b800000| PB 0x000000070b800000| Untracked 
|   9|0x000000070ba00000, 0x000000070bbffff8, 0x000000070bc00000| 99%| O|  |TAMS 0x000000070ba00000| PB 0x000000070ba00000| Untracked 
|  10|0x000000070bc00000, 0x000000070bdffff8, 0x000000070be00000| 99%| O|  |TAMS 0x000000070bc00000| PB 0x000000070bc00000| Untracked 
|  11|0x000000070be00000, 0x000000070bfffc40, 0x000000070c000000| 99%| O|  |TAMS 0x000000070be00000| PB 0x000000070be00000| Untracked 
|  12|0x000000070c000000, 0x000000070c1fffe0, 0x000000070c200000| 99%| O|  |TAMS 0x000000070c000000| PB 0x000000070c000000| Untracked 
|  13|0x000000070c200000, 0x000000070c3fffe8, 0x000000070c400000| 99%| O|  |TAMS 0x000000070c200000| PB 0x000000070c200000| Untracked 
|  14|0x000000070c400000, 0x000000070c5ffff8, 0x000000070c600000| 99%| O|  |TAMS 0x000000070c400000| PB 0x000000070c400000| Untracked 
|  15|0x000000070c600000, 0x000000070c7ffff8, 0x000000070c800000| 99%| O|  |TAMS 0x000000070c600000| PB 0x000000070c600000| Untracked 
|  16|0x000000070c800000, 0x000000070c9fffc0, 0x000000070ca00000| 99%| O|  |TAMS 0x000000070c800000| PB 0x000000070c800000| Untracked 
|  17|0x000000070ca00000, 0x000000070cc00000, 0x000000070cc00000|100%| O|  |TAMS 0x000000070ca00000| PB 0x000000070ca00000| Untracked 
|  18|0x000000070cc00000, 0x000000070cdffff8, 0x000000070ce00000| 99%| O|  |TAMS 0x000000070cc00000| PB 0x000000070cc00000| Untracked 
|  19|0x000000070ce00000, 0x000000070d000000, 0x000000070d000000|100%| O|  |TAMS 0x000000070ce00000| PB 0x000000070ce00000| Untracked 
|  20|0x000000070d000000, 0x000000070d1ffff0, 0x000000070d200000| 99%| O|  |TAMS 0x000000070d000000| PB 0x000000070d000000| Untracked 
|  21|0x000000070d200000, 0x000000070d3fffd8, 0x000000070d400000| 99%| O|  |TAMS 0x000000070d200000| PB 0x000000070d200000| Untracked 
|  22|0x000000070d400000, 0x000000070d600000, 0x000000070d600000|100%| O|  |TAMS 0x000000070d400000| PB 0x000000070d400000| Untracked 
|  23|0x000000070d600000, 0x000000070d7fffe8, 0x000000070d800000| 99%| O|  |TAMS 0x000000070d600000| PB 0x000000070d600000| Untracked 
|  24|0x000000070d800000, 0x000000070d9ffff0, 0x000000070da00000| 99%| O|  |TAMS 0x000000070d800000| PB 0x000000070d800000| Untracked 
|  25|0x000000070da00000, 0x000000070dbf3578, 0x000000070dc00000| 97%| O|  |TAMS 0x000000070da00000| PB 0x000000070da00000| Untracked 
|  26|0x000000070dc00000, 0x000000070ddfffb0, 0x000000070de00000| 99%| O|  |TAMS 0x000000070dc00000| PB 0x000000070dc00000| Untracked 
|  27|0x000000070de00000, 0x000000070dfffff8, 0x000000070e000000| 99%| O|  |TAMS 0x000000070de00000| PB 0x000000070de00000| Untracked 
|  28|0x000000070e000000, 0x000000070e181530, 0x000000070e200000| 75%| O|  |TAMS 0x000000070e000000| PB 0x000000070e000000| Untracked 
|  29|0x000000070e200000, 0x000000070e301478, 0x000000070e400000| 50%| O|  |TAMS 0x000000070e200000| PB 0x000000070e200000| Untracked 
|  30|0x000000070e400000, 0x000000070e549f48, 0x000000070e600000| 64%| O|  |TAMS 0x000000070e400000| PB 0x000000070e400000| Untracked 
|  31|0x000000070e600000, 0x000000070e753868, 0x000000070e800000| 66%| O|  |TAMS 0x000000070e600000| PB 0x000000070e600000| Untracked 
|  32|0x000000070e800000, 0x000000070e88f750, 0x000000070ea00000| 28%| O|Cm|TAMS 0x000000070e800000| PB 0x000000070e800000| Complete 
|  33|0x000000070ea00000, 0x000000070ea00000, 0x000000070ec00000|  0%| F|  |TAMS 0x000000070ea00000| PB 0x000000070ea00000| Untracked 
|  34|0x000000070ec00000, 0x000000070ec9dfa0, 0x000000070ee00000| 30%| O|  |TAMS 0x000000070ec00000| PB 0x000000070ec00000| Untracked 
|  35|0x000000070ee00000, 0x000000070eea50a8, 0x000000070f000000| 32%| O|  |TAMS 0x000000070ee00000| PB 0x000000070ee00000| Untracked 
|  36|0x000000070f000000, 0x000000070f000000, 0x000000070f200000|  0%| F|  |TAMS 0x000000070f000000| PB 0x000000070f000000| Untracked 
|  37|0x000000070f200000, 0x000000070f200000, 0x000000070f400000|  0%| F|  |TAMS 0x000000070f200000| PB 0x000000070f200000| Untracked 
|  38|0x000000070f400000, 0x000000070f400000, 0x000000070f600000|  0%| F|  |TAMS 0x000000070f400000| PB 0x000000070f400000| Untracked 
|  39|0x000000070f600000, 0x000000070f600000, 0x000000070f800000|  0%| F|  |TAMS 0x000000070f600000| PB 0x000000070f600000| Untracked 
|  40|0x000000070f800000, 0x000000070f9116c0, 0x000000070fa00000| 53%| S|CS|TAMS 0x000000070f800000| PB 0x000000070f800000| Complete 
|  41|0x000000070fa00000, 0x000000070fc00000, 0x000000070fc00000|100%| S|CS|TAMS 0x000000070fa00000| PB 0x000000070fa00000| Complete 
|  42|0x000000070fc00000, 0x000000070fe00000, 0x000000070fe00000|100%| S|CS|TAMS 0x000000070fc00000| PB 0x000000070fc00000| Complete 
|  43|0x000000070fe00000, 0x0000000710000000, 0x0000000710000000|100%| S|CS|TAMS 0x000000070fe00000| PB 0x000000070fe00000| Complete 
|  44|0x0000000710000000, 0x0000000710000000, 0x0000000710200000|  0%| F|  |TAMS 0x0000000710000000| PB 0x0000000710000000| Untracked 
|  45|0x0000000710200000, 0x0000000710200000, 0x0000000710400000|  0%| F|  |TAMS 0x0000000710200000| PB 0x0000000710200000| Untracked 
|  46|0x0000000710400000, 0x0000000710400000, 0x0000000710600000|  0%| F|  |TAMS 0x0000000710400000| PB 0x0000000710400000| Untracked 
|  47|0x0000000710600000, 0x0000000710600000, 0x0000000710800000|  0%| F|  |TAMS 0x0000000710600000| PB 0x0000000710600000| Untracked 
|  48|0x0000000710800000, 0x0000000710800000, 0x0000000710a00000|  0%| F|  |TAMS 0x0000000710800000| PB 0x0000000710800000| Untracked 
|  49|0x0000000710a00000, 0x0000000710a00000, 0x0000000710c00000|  0%| F|  |TAMS 0x0000000710a00000| PB 0x0000000710a00000| Untracked 
|  50|0x0000000710c00000, 0x0000000710c00000, 0x0000000710e00000|  0%| F|  |TAMS 0x0000000710c00000| PB 0x0000000710c00000| Untracked 
|  51|0x0000000710e00000, 0x0000000710e00000, 0x0000000711000000|  0%| F|  |TAMS 0x0000000710e00000| PB 0x0000000710e00000| Untracked 
|  52|0x0000000711000000, 0x00000007110390e8, 0x0000000711200000| 11%| E|  |TAMS 0x0000000711000000| PB 0x0000000711000000| Complete 
|  53|0x0000000711200000, 0x0000000711400000, 0x0000000711400000|100%| E|CS|TAMS 0x0000000711200000| PB 0x0000000711200000| Complete 
|  54|0x0000000711400000, 0x0000000711600000, 0x0000000711600000|100%| E|CS|TAMS 0x0000000711400000| PB 0x0000000711400000| Complete 
|  55|0x0000000711600000, 0x0000000711800000, 0x0000000711800000|100%| E|CS|TAMS 0x0000000711600000| PB 0x0000000711600000| Complete 
|  56|0x0000000711800000, 0x0000000711a00000, 0x0000000711a00000|100%| E|CS|TAMS 0x0000000711800000| PB 0x0000000711800000| Complete 
|  57|0x0000000711a00000, 0x0000000711c00000, 0x0000000711c00000|100%| E|CS|TAMS 0x0000000711a00000| PB 0x0000000711a00000| Complete 
|  58|0x0000000711c00000, 0x0000000711e00000, 0x0000000711e00000|100%| E|CS|TAMS 0x0000000711c00000| PB 0x0000000711c00000| Complete 
|  59|0x0000000711e00000, 0x0000000712000000, 0x0000000712000000|100%| E|CS|TAMS 0x0000000711e00000| PB 0x0000000711e00000| Complete 
|  60|0x0000000712000000, 0x0000000712200000, 0x0000000712200000|100%| E|CS|TAMS 0x0000000712000000| PB 0x0000000712000000| Complete 
|  61|0x0000000712200000, 0x0000000712400000, 0x0000000712400000|100%| E|CS|TAMS 0x0000000712200000| PB 0x0000000712200000| Complete 
|  62|0x0000000712400000, 0x0000000712600000, 0x0000000712600000|100%| E|CS|TAMS 0x0000000712400000| PB 0x0000000712400000| Complete 
|  63|0x0000000712600000, 0x0000000712800000, 0x0000000712800000|100%| E|CS|TAMS 0x0000000712600000| PB 0x0000000712600000| Complete 
|  64|0x0000000712800000, 0x0000000712a00000, 0x0000000712a00000|100%| E|CS|TAMS 0x0000000712800000| PB 0x0000000712800000| Complete 
|  65|0x0000000712a00000, 0x0000000712c00000, 0x0000000712c00000|100%| E|CS|TAMS 0x0000000712a00000| PB 0x0000000712a00000| Complete 
|  66|0x0000000712c00000, 0x0000000712e00000, 0x0000000712e00000|100%| E|CS|TAMS 0x0000000712c00000| PB 0x0000000712c00000| Complete 
|  67|0x0000000712e00000, 0x0000000713000000, 0x0000000713000000|100%| E|CS|TAMS 0x0000000712e00000| PB 0x0000000712e00000| Complete 
|  68|0x0000000713000000, 0x0000000713200000, 0x0000000713200000|100%| E|CS|TAMS 0x0000000713000000| PB 0x0000000713000000| Complete 
|  69|0x0000000713200000, 0x0000000713400000, 0x0000000713400000|100%| E|CS|TAMS 0x0000000713200000| PB 0x0000000713200000| Complete 
|  70|0x0000000713400000, 0x0000000713600000, 0x0000000713600000|100%| E|CS|TAMS 0x0000000713400000| PB 0x0000000713400000| Complete 
|  71|0x0000000713600000, 0x0000000713800000, 0x0000000713800000|100%| E|CS|TAMS 0x0000000713600000| PB 0x0000000713600000| Complete 
|  72|0x0000000713800000, 0x0000000713a00000, 0x0000000713a00000|100%| E|CS|TAMS 0x0000000713800000| PB 0x0000000713800000| Complete 
|  73|0x0000000713a00000, 0x0000000713c00000, 0x0000000713c00000|100%| E|CS|TAMS 0x0000000713a00000| PB 0x0000000713a00000| Complete 
|  74|0x0000000713c00000, 0x0000000713e00000, 0x0000000713e00000|100%| E|CS|TAMS 0x0000000713c00000| PB 0x0000000713c00000| Complete 
|  75|0x0000000713e00000, 0x0000000714000000, 0x0000000714000000|100%| E|CS|TAMS 0x0000000713e00000| PB 0x0000000713e00000| Complete 
|  76|0x0000000714000000, 0x0000000714200000, 0x0000000714200000|100%| E|CS|TAMS 0x0000000714000000| PB 0x0000000714000000| Complete 
|  77|0x0000000714200000, 0x0000000714400000, 0x0000000714400000|100%| E|CS|TAMS 0x0000000714200000| PB 0x0000000714200000| Complete 
|  78|0x0000000714400000, 0x0000000714600000, 0x0000000714600000|100%| E|CS|TAMS 0x0000000714400000| PB 0x0000000714400000| Complete 
|  79|0x0000000714600000, 0x0000000714800000, 0x0000000714800000|100%| E|CS|TAMS 0x0000000714600000| PB 0x0000000714600000| Complete 
|  80|0x0000000714800000, 0x0000000714a00000, 0x0000000714a00000|100%| E|CS|TAMS 0x0000000714800000| PB 0x0000000714800000| Complete 
|  81|0x0000000714a00000, 0x0000000714c00000, 0x0000000714c00000|100%| E|CS|TAMS 0x0000000714a00000| PB 0x0000000714a00000| Complete 
|  82|0x0000000714c00000, 0x0000000714e00000, 0x0000000714e00000|100%| E|CS|TAMS 0x0000000714c00000| PB 0x0000000714c00000| Complete 
| 108|0x0000000718000000, 0x0000000718200000, 0x0000000718200000|100%| E|CS|TAMS 0x0000000718000000| PB 0x0000000718000000| Complete 
| 109|0x0000000718200000, 0x0000000718400000, 0x0000000718400000|100%| E|CS|TAMS 0x0000000718200000| PB 0x0000000718200000| Complete 
| 110|0x0000000718400000, 0x0000000718600000, 0x0000000718600000|100%| E|CS|TAMS 0x0000000718400000| PB 0x0000000718400000| Complete 
| 122|0x0000000719c00000, 0x0000000719e00000, 0x0000000719e00000|100%| E|CS|TAMS 0x0000000719c00000| PB 0x0000000719c00000| Complete 

Card table byte_map: [0x0000026ab7ab0000,0x0000026ab8260000] _byte_map_base: 0x0000026ab425c000

Marking Bits: (CMBitMap*) 0x0000026aab87a880
 Bits: [0x0000026ab8260000, 0x0000026abbfc0000)

Polling page: 0x0000026aaafc0000

Metaspace:

Usage:
  Non-class:     98.41 MB used.
      Class:     16.03 MB used.
       Both:    114.44 MB used.

Virtual space:
  Non-class space:      128.00 MB reserved,      99.00 MB ( 77%) committed,  2 nodes.
      Class space:        1.00 GB reserved,      16.56 MB (  2%) committed,  1 nodes.
             Both:        1.12 GB reserved,     115.56 MB ( 10%) committed. 

Chunk freelists:
   Non-Class:  12.42 MB
       Class:  15.47 MB
        Both:  27.89 MB

MaxMetaspaceSize: unlimited
CompressedClassSpaceSize: 1.00 GB
Initial GC threshold: 21.00 MB
Current GC threshold: 189.31 MB
CDS: on
 - commit_granule_bytes: 65536.
 - commit_granule_words: 8192.
 - virtual_space_node_default_size: 8388608.
 - enlarge_chunks_in_place: 1.
 - use_allocation_guard: 0.


Internal statistics:

num_allocs_failed_limit: 12.
num_arena_births: 2912.
num_arena_deaths: 1246.
num_vsnodes_births: 3.
num_vsnodes_deaths: 0.
num_space_committed: 1849.
num_space_uncommitted: 0.
num_chunks_returned_to_freelist: 1512.
num_chunks_taken_from_freelist: 8012.
num_chunk_merges: 354.
num_chunk_splits: 4990.
num_chunks_enlarged: 3547.
num_inconsistent_stats: 0.

CodeCache: size=49152Kb used=20486Kb max_used=22928Kb free=28665Kb
 bounds [0x0000026ab3ca0000, 0x0000026ab53c0000, 0x0000026ab6ca0000]
 total_blobs=11442 nmethods=10598 adapters=765
 compilation: enabled
              stopped_count=0, restarted_count=0
 full_count=0

Compilation events (20 events):
Event: 7225.486 Thread 0x0000026b0e494230 nmethod 22548 0x0000026ab44c8110 code [0x0000026ab44c82c0, 0x0000026ab44c83b0]
Event: 7225.486 Thread 0x0000026b0e494230 22549       1       io.netty.util.concurrent.SingleThreadEventExecutor::runAllTasks (63 bytes)
Event: 7225.486 Thread 0x0000026abf1a3500 nmethod 22545 0x0000026ab4527710 code [0x0000026ab45278e0, 0x0000026ab4527b78]
Event: 7225.486 Thread 0x0000026abf1a3500 22550   !   1       io.netty.util.concurrent.SingleThreadEventExecutor::runShutdownHooks (119 bytes)
Event: 7225.487 Thread 0x0000026abf1a3500 nmethod 22550 0x0000026ab4559510 code [0x0000026ab4559760, 0x0000026ab4559d80]
Event: 7225.487 Thread 0x0000026b0e494230 nmethod 22549 0x0000026ab49df190 code [0x0000026ab49df400, 0x0000026ab49dfbf8]
Event: 7225.487 Thread 0x0000026abf1a3500 22553   !   1       org.hibernate.internal.util.collections.BoundedConcurrentHashMap$Segment::clear (60 bytes)
Event: 7225.487 Thread 0x0000026b0e494230 22552       1       io.netty.util.internal.InternalThreadLocalMap::get (23 bytes)
Event: 7225.488 Thread 0x0000026b0e494230 nmethod 22552 0x0000026ab4587c10 code [0x0000026ab4587e40, 0x0000026ab4588718]
Event: 7225.488 Thread 0x0000026abf1a3500 nmethod 22553 0x0000026ab4b6af10 code [0x0000026ab4b6b140, 0x0000026ab4b6b550]
Event: 7225.602 Thread 0x0000026abf1a3500 22554       1       java.lang.invoke.MethodTypeForm::hasPrimitives (13 bytes)
Event: 7225.602 Thread 0x0000026abf1a3500 nmethod 22554 0x0000026ab4773910 code [0x0000026ab4773aa0, 0x0000026ab4773b78]
Event: 7225.612 Thread 0x0000026abf1a3500 22555       1       java.util.concurrent.FutureTask::finishCompletion (71 bytes)
Event: 7225.612 Thread 0x0000026b0e494230 22556       1       java.util.concurrent.FutureTask::done (1 bytes)
Event: 7225.613 Thread 0x0000026b0e494230 nmethod 22556 0x0000026ab4773490 code [0x0000026ab4773620, 0x0000026ab47736e8]
Event: 7225.613 Thread 0x0000026abf1a3500 nmethod 22555 0x0000026ab4841410 code [0x0000026ab4841600, 0x0000026ab4841980]
Event: 7225.614 Thread 0x0000026abf1a3500 22557       1       org.apache.tomcat.util.collections.ManagedConcurrentWeakHashMap::get (21 bytes)
Event: 7225.614 Thread 0x0000026b0e494230 22558       1       org.apache.tomcat.util.collections.ManagedConcurrentWeakHashMap::createLookupKey (10 bytes)
Event: 7225.614 Thread 0x0000026b0e494230 nmethod 22558 0x0000026ab48d9b90 code [0x0000026ab48d9d40, 0x0000026ab48d9f90]
Event: 7225.614 Thread 0x0000026abf1a3500 nmethod 22557 0x0000026ab4904890 code [0x0000026ab4904a60, 0x0000026ab4904c98]

GC Heap History (20 events):
Event: 7172.065 GC heap after
{Heap after GC invocations=73 (full 1):
 garbage-first heap   total 178176K, used 55359K [0x000000070a800000, 0x0000000800000000)
  region size 2048K, 5 young (10240K), 5 survivors (10240K)
 Metaspace       used 107928K, committed 109632K, reserved 1179648K
  class space    used 15365K, committed 16064K, reserved 1048576K
}
Event: 7176.459 GC heap before
{Heap before GC invocations=74 (full 1):
 garbage-first heap   total 178176K, used 122943K [0x000000070a800000, 0x0000000800000000)
  region size 2048K, 39 young (79872K), 5 survivors (10240K)
 Metaspace       used 108477K, committed 109696K, reserved 1179648K
  class space    used 15472K, committed 16064K, reserved 1048576K
}
Event: 7176.573 GC heap after
{Heap after GC invocations=75 (full 2):
 garbage-first heap   total 178176K, used 47940K [0x000000070a800000, 0x0000000800000000)
  region size 2048K, 0 young (0K), 0 survivors (0K)
 Metaspace       used 108210K, committed 109696K, reserved 1179648K
  class space    used 15411K, committed 16064K, reserved 1048576K
}
Event: 7181.581 GC heap before
{Heap before GC invocations=75 (full 2):
 garbage-first heap   total 178176K, used 144196K [0x000000070a800000, 0x0000000800000000)
  region size 2048K, 48 young (98304K), 0 survivors (0K)
 Metaspace       used 108329K, committed 109696K, reserved 1179648K
  class space    used 15426K, committed 16064K, reserved 1048576K
}
Event: 7181.593 GC heap after
{Heap after GC invocations=76 (full 2):
 garbage-first heap   total 178176K, used 56670K [0x000000070a800000, 0x0000000800000000)
  region size 2048K, 5 young (10240K), 5 survivors (10240K)
 Metaspace       used 108329K, committed 109696K, reserved 1179648K
  class space    used 15426K, committed 16064K, reserved 1048576K
}
Event: 7186.205 GC heap before
{Heap before GC invocations=77 (full 2):
 garbage-first heap   total 178176K, used 114014K [0x000000070a800000, 0x0000000800000000)
  region size 2048K, 34 young (69632K), 5 survivors (10240K)
 Metaspace       used 108434K, committed 109760K, reserved 1179648K
  class space    used 15433K, committed 16064K, reserved 1048576K
}
Event: 7186.408 GC heap after
{Heap after GC invocations=78 (full 3):
 garbage-first heap   total 178176K, used 53073K [0x000000070a800000, 0x0000000800000000)
  region size 2048K, 0 young (0K), 0 survivors (0K)
 Metaspace       used 108434K, committed 109760K, reserved 1179648K
  class space    used 15433K, committed 16064K, reserved 1048576K
}
Event: 7193.782 GC heap before
{Heap before GC invocations=78 (full 3):
 garbage-first heap   total 178176K, used 147281K [0x000000070a800000, 0x0000000800000000)
  region size 2048K, 46 young (94208K), 0 survivors (0K)
 Metaspace       used 109185K, committed 110208K, reserved 1179648K
  class space    used 15524K, committed 16064K, reserved 1048576K
}
Event: 7193.792 GC heap after
{Heap after GC invocations=79 (full 3):
 garbage-first heap   total 178176K, used 61688K [0x000000070a800000, 0x0000000800000000)
  region size 2048K, 5 young (10240K), 5 survivors (10240K)
 Metaspace       used 109185K, committed 110208K, reserved 1179648K
  class space    used 15524K, committed 16064K, reserved 1048576K
}
Event: 7198.311 GC heap before
{Heap before GC invocations=80 (full 3):
 garbage-first heap   total 178176K, used 143608K [0x000000070a800000, 0x0000000800000000)
  region size 2048K, 46 young (94208K), 5 survivors (10240K)
 Metaspace       used 109639K, committed 110592K, reserved 1179648K
  class space    used 15585K, committed 16064K, reserved 1048576K
}
Event: 7198.370 GC heap after
{Heap after GC invocations=81 (full 3):
 garbage-first heap   total 178176K, used 66401K [0x000000070a800000, 0x0000000800000000)
  region size 2048K, 3 young (6144K), 3 survivors (6144K)
 Metaspace       used 109639K, committed 110592K, reserved 1179648K
  class space    used 15585K, committed 16064K, reserved 1048576K
}
Event: 7200.578 GC heap before
{Heap before GC invocations=82 (full 3):
 garbage-first heap   total 178176K, used 150369K [0x000000070a800000, 0x0000000800000000)
  region size 2048K, 44 young (90112K), 3 survivors (6144K)
 Metaspace       used 111629K, committed 112704K, reserved 1179648K
  class space    used 15734K, committed 16256K, reserved 1048576K
}
Event: 7200.586 GC heap after
{Heap after GC invocations=83 (full 3):
 garbage-first heap   total 178176K, used 71406K [0x000000070a800000, 0x0000000800000000)
  region size 2048K, 5 young (10240K), 5 survivors (10240K)
 Metaspace       used 111629K, committed 112704K, reserved 1179648K
  class space    used 15734K, committed 16256K, reserved 1048576K
}
Event: 7202.801 GC heap before
{Heap before GC invocations=83 (full 3):
 garbage-first heap   total 178176K, used 149230K [0x000000070a800000, 0x0000000800000000)
  region size 2048K, 43 young (88064K), 5 survivors (10240K)
 Metaspace       used 111680K, committed 112704K, reserved 1179648K
  class space    used 15742K, committed 16256K, reserved 1048576K
}
Event: 7202.838 GC heap after
{Heap after GC invocations=84 (full 3):
 garbage-first heap   total 178176K, used 75364K [0x000000070a800000, 0x0000000800000000)
  region size 2048K, 5 young (10240K), 5 survivors (10240K)
 Metaspace       used 111680K, committed 112704K, reserved 1179648K
  class space    used 15742K, committed 16256K, reserved 1048576K
}
Event: 7211.343 GC heap before
{Heap before GC invocations=84 (full 3):
 garbage-first heap   total 178176K, used 97892K [0x000000070a800000, 0x0000000800000000)
  region size 2048K, 17 young (34816K), 5 survivors (10240K)
 Metaspace       used 111721K, committed 112768K, reserved 1179648K
  class space    used 15748K, committed 16256K, reserved 1048576K
}
Event: 7211.460 GC heap after
{Heap after GC invocations=85 (full 4):
 garbage-first heap   total 178176K, used 64406K [0x000000070a800000, 0x0000000800000000)
  region size 2048K, 0 young (0K), 0 survivors (0K)
 Metaspace       used 111583K, committed 112768K, reserved 1179648K
  class space    used 15726K, committed 16256K, reserved 1048576K
}
Event: 7216.484 GC heap before
{Heap before GC invocations=85 (full 4):
 garbage-first heap   total 178176K, used 152470K [0x000000070a800000, 0x0000000800000000)
  region size 2048K, 43 young (88064K), 0 survivors (0K)
 Metaspace       used 114950K, committed 116032K, reserved 1179648K
  class space    used 16113K, committed 16640K, reserved 1048576K
}
Event: 7216.489 GC heap after
{Heap after GC invocations=86 (full 4):
 garbage-first heap   total 178176K, used 71643K [0x000000070a800000, 0x0000000800000000)
  region size 2048K, 4 young (8192K), 4 survivors (8192K)
 Metaspace       used 114950K, committed 116032K, reserved 1179648K
  class space    used 16113K, committed 16640K, reserved 1048576K
}
Event: 7225.618 GC heap before
{Heap before GC invocations=87 (full 4):
 garbage-first heap   total 178176K, used 141275K [0x000000070a800000, 0x0000000800000000)
  region size 2048K, 39 young (79872K), 4 survivors (8192K)
 Metaspace       used 117185K, committed 118336K, reserved 1179648K
  class space    used 16418K, committed 16960K, reserved 1048576K
}

Dll operation events (12 events):
Event: 0.016 Loaded shared library C:\Program Files\Java\jdk-21\bin\java.dll
Event: 0.460 Loaded shared library C:\Program Files\Java\jdk-21\bin\zip.dll
Event: 0.465 Loaded shared library C:\Program Files\Java\jdk-21\bin\instrument.dll
Event: 0.472 Loaded shared library C:\Program Files\Java\jdk-21\bin\net.dll
Event: 0.475 Loaded shared library C:\Program Files\Java\jdk-21\bin\nio.dll
Event: 0.478 Loaded shared library C:\Program Files\Java\jdk-21\bin\zip.dll
Event: 0.639 Loaded shared library C:\Program Files\Java\jdk-21\bin\jimage.dll
Event: 0.645 Loaded shared library C:\Program Files\Java\jdk-21\bin\extnet.dll
Event: 0.663 Loaded shared library C:\Program Files\Java\jdk-21\bin\management.dll
Event: 0.682 Loaded shared library C:\Program Files\Java\jdk-21\bin\management_ext.dll
Event: 2.975 Loaded shared library C:\Program Files\Java\jdk-21\bin\sunmscapi.dll
Event: 5.280 Loaded shared library C:\Program Files\Java\jdk-21\bin\verify.dll

Deoptimization events (10 events):
Event: 2.729 Thread 0x0000026b05656680 DEOPT PACKING pc=0x0000026ab4559dec sp=0x000000d6bf1fde30
Event: 2.729 Thread 0x0000026b05656680 DEOPT UNPACKING pc=0x0000026ab3cf4e42 sp=0x000000d6bf1fd340 mode 0
Event: 11.011 Thread 0x0000026b05656680 DEOPT PACKING pc=0x0000026ab4da4224 sp=0x000000d6bf1fa660
Event: 11.011 Thread 0x0000026b05656680 DEOPT UNPACKING pc=0x0000026ab3cf4e42 sp=0x000000d6bf1f9d50 mode 0
Event: 11.465 Thread 0x0000026b0879f700 DEOPT PACKING pc=0x0000026ab438a8bc sp=0x000000d6c04fee50
Event: 11.465 Thread 0x0000026b0879f700 DEOPT UNPACKING pc=0x0000026ab3cf4e42 sp=0x000000d6c04fe2e8 mode 0
Event: 31.282 Thread 0x0000026abfd75c90 DEOPT PACKING pc=0x0000026ab438a8bc sp=0x000000d6beefee60
Event: 31.282 Thread 0x0000026abfd75c90 DEOPT UNPACKING pc=0x0000026ab3cf4e42 sp=0x000000d6beefe2f8 mode 0
Event: 7216.491 Thread 0x0000026abf3655c0 DEOPT PACKING pc=0x0000026ab4086ca4 sp=0x000000d6be3ff130
Event: 7216.491 Thread 0x0000026abf3655c0 DEOPT UNPACKING pc=0x0000026ab3cf4e42 sp=0x000000d6be3fe678 mode 0

Classes loaded (20 events):
Event: 7172.882 Loading class java/time/DurationEditor
Event: 7172.882 Loading class java/time/DurationEditor done
Event: 7215.322 Loading class java/util/concurrent/atomic/AtomicIntegerArray
Event: 7215.324 Loading class java/util/concurrent/atomic/AtomicIntegerArray done
Event: 7215.329 Loading class java/lang/invoke/VarHandleInts$Array
Event: 7215.331 Loading class java/lang/invoke/VarHandleInts$Array done
Event: 7215.358 Loading class java/util/zip/ZipInputStream
Event: 7215.359 Loading class java/util/zip/ZipInputStream done
Event: 7215.503 Loading class java/text/Collator
Event: 7215.506 Loading class java/text/Collator done
Event: 7215.915 Loading class java/util/concurrent/locks/ReentrantLock$FairSync
Event: 7215.916 Loading class java/util/concurrent/locks/ReentrantLock$FairSync done
Event: 7216.765 Loading class jdk/internal/math/FormattedFPDecimal
Event: 7216.765 Loading class jdk/internal/math/FormattedFPDecimal done
Event: 7216.823 Loading class java/util/concurrent/ConcurrentHashMap$ValueSpliterator
Event: 7216.825 Loading class java/util/concurrent/ConcurrentHashMap$ValueSpliterator done
Event: 7216.873 Loading class java/io/FilterReader
Event: 7216.873 Loading class java/io/FilterReader done
Event: 7217.372 Loading class java/io/PipedOutputStream
Event: 7217.373 Loading class java/io/PipedOutputStream done

Classes unloaded (20 events):
Event: 7211.370 Thread 0x0000026abe58f3f0 Unloading class 0x0000026ac1724800 'jdk/internal/reflect/GeneratedSerializationConstructorAccessor86'
Event: 7211.370 Thread 0x0000026abe58f3f0 Unloading class 0x0000026ac19ac400 'jdk/internal/reflect/GeneratedSerializationConstructorAccessor85'
Event: 7211.370 Thread 0x0000026abe58f3f0 Unloading class 0x0000026ac1c52000 'jdk/internal/reflect/GeneratedSerializationConstructorAccessor84'
Event: 7211.370 Thread 0x0000026abe58f3f0 Unloading class 0x0000026ac1c59400 'jdk/internal/reflect/GeneratedSerializationConstructorAccessor83'
Event: 7211.370 Thread 0x0000026abe58f3f0 Unloading class 0x0000026ac1c59800 'jdk/internal/reflect/GeneratedSerializationConstructorAccessor82'
Event: 7211.370 Thread 0x0000026abe58f3f0 Unloading class 0x0000026ac1c8a400 'jdk/internal/reflect/GeneratedSerializationConstructorAccessor81'
Event: 7211.370 Thread 0x0000026abe58f3f0 Unloading class 0x0000026ac1c8a800 'jdk/internal/reflect/GeneratedSerializationConstructorAccessor80'
Event: 7211.370 Thread 0x0000026abe58f3f0 Unloading class 0x0000026ac1c9d000 'jdk/internal/reflect/GeneratedSerializationConstructorAccessor79'
Event: 7211.370 Thread 0x0000026abe58f3f0 Unloading class 0x0000026ac1c9dc00 'jdk/internal/reflect/GeneratedSerializationConstructorAccessor78'
Event: 7211.370 Thread 0x0000026abe58f3f0 Unloading class 0x0000026ac1cba800 'jdk/internal/reflect/GeneratedSerializationConstructorAccessor77'
Event: 7211.370 Thread 0x0000026abe58f3f0 Unloading class 0x0000026ac1cbb000 'jdk/internal/reflect/GeneratedSerializationConstructorAccessor76'
Event: 7211.370 Thread 0x0000026abe58f3f0 Unloading class 0x0000026ac1ce4000 'jdk/internal/reflect/GeneratedSerializationConstructorAccessor75'
Event: 7211.370 Thread 0x0000026abe58f3f0 Unloading class 0x0000026ac1ce5000 'jdk/internal/reflect/GeneratedSerializationConstructorAccessor74'
Event: 7211.370 Thread 0x0000026abe58f3f0 Unloading class 0x0000026ac1ce5800 'jdk/internal/reflect/GeneratedSerializationConstructorAccessor73'
Event: 7211.370 Thread 0x0000026abe58f3f0 Unloading class 0x0000026ac1cec000 'jdk/internal/reflect/GeneratedSerializationConstructorAccessor72'
Event: 7211.370 Thread 0x0000026abe58f3f0 Unloading class 0x0000026ac1cec800 'jdk/internal/reflect/GeneratedSerializationConstructorAccessor71'
Event: 7211.370 Thread 0x0000026abe58f3f0 Unloading class 0x0000026ac1d60800 'jdk/internal/reflect/GeneratedSerializationConstructorAccessor70'
Event: 7211.370 Thread 0x0000026abe58f3f0 Unloading class 0x0000026ac1d71000 'jdk/internal/reflect/GeneratedSerializationConstructorAccessor69'
Event: 7211.370 Thread 0x0000026abe58f3f0 Unloading class 0x0000026ac1df9800 'jdk/internal/reflect/GeneratedSerializationConstructorAccessor68'
Event: 7211.370 Thread 0x0000026abe58f3f0 Unloading class 0x0000026ac1108800 'java/lang/invoke/LambdaForm$MH+0x0000026ac1108800'

Classes redefined (0 events):
No events

Internal exceptions (20 events):
Event: 7199.061 Thread 0x0000026b087a1140 Exception <a 'java/io/FileNotFoundException'{0x000000071421d570}> (0x000000071421d570) 
thrown [s\open\src\hotspot\share\prims\jni.cpp, line 520]
Event: 7199.062 Thread 0x0000026b087a1140 Exception <a 'java/io/FileNotFoundException'{0x0000000714227580}> (0x0000000714227580) 
thrown [s\open\src\hotspot\share\prims\jni.cpp, line 520]
Event: 7199.080 Thread 0x0000026b087a1140 Exception <a 'java/io/FileNotFoundException'{0x00000007142316c8}> (0x00000007142316c8) 
thrown [s\open\src\hotspot\share\prims\jni.cpp, line 520]
Event: 7199.081 Thread 0x0000026b087a1140 Exception <a 'java/io/FileNotFoundException'{0x000000071423b848}> (0x000000071423b848) 
thrown [s\open\src\hotspot\share\prims\jni.cpp, line 520]
Event: 7200.198 Thread 0x0000026b087a1140 Exception <a 'sun/nio/fs/WindowsException'{0x0000000711bef5e8}> (0x0000000711bef5e8) 
thrown [s\open\src\hotspot\share\prims\jni.cpp, line 520]
Event: 7200.386 Thread 0x0000026b087a1140 Exception <a 'java/lang/NoSuchMethodError'{0x0000000710ee5660}: 'java.lang.Object java.lang.invoke.DirectMethodHandle$Holder.newInvokeSpecial(java.lang.Object, java.lang.Object, java.lang.Object, java.lang.Object, java.lang.Object, java.lang.Object, java.lang.Object, java.lang.Object, java.lang.Object, java.lang.Object)'> (0x0000000710ee5660) 
thrown [s\open\src\hotspot\share\interpreter\linkResolver.cpp, line 773]
Event: 7211.305 Thread 0x0000026b08d81800 Exception <a 'java/lang/InterruptedException'{0x000000071448ab88}: sleep interrupted> (0x000000071448ab88) 
thrown [s\open\src\hotspot\share\prims\jvm.cpp, line 3074]
Event: 7211.343 Thread 0x0000026b08d81e90 Exception <a 'java/lang/InterruptedException'{0x0000000713e3d768}: sleep interrupted> (0x0000000713e3d768) 
thrown [s\open\src\hotspot\share\prims\jvm.cpp, line 3074]
Event: 7211.482 Thread 0x0000026b08d81800 Exception <a 'sun/nio/fs/WindowsException'{0x0000000719cb7200}> (0x0000000719cb7200) 
thrown [s\open\src\hotspot\share\prims\jni.cpp, line 520]
Event: 7214.465 Thread 0x0000026b08d81800 Exception <a 'java/lang/NoClassDefFoundError'{0x0000000711c2c030}: liquibase/integration/spring/SpringLiquibase> (0x0000000711c2c030) 
thrown [s\open\src\hotspot\share\oops\constantPool.cpp, line 873]
Event: 7214.480 Thread 0x0000026b08d81800 Exception <a 'java/lang/NoClassDefFoundError'{0x0000000711c6c7c0}: org/jooq/DSLContext> (0x0000000711c6c7c0) 
thrown [s\open\src\hotspot\share\oops\constantPool.cpp, line 873]
Event: 7214.501 Thread 0x0000026b08d81800 Exception <a 'java/lang/NoClassDefFoundError'{0x0000000711d0d548}: org/springframework/batch/core/repository/JobRepository> (0x0000000711d0d548) 
thrown [s\open\src\hotspot\share\oops\constantPool.cpp, line 873]
Event: 7214.501 Thread 0x0000026b08d81800 Exception <a 'java/lang/NoClassDefFoundError'{0x0000000711d0dba0}: org/quartz/Scheduler> (0x0000000711d0dba0) 
thrown [s\open\src\hotspot\share\oops\constantPool.cpp, line 873]
Event: 7214.501 Thread 0x0000026b08d81800 Exception <a 'java/lang/NoClassDefFoundError'{0x0000000711d0e220}: org/springframework/session/jdbc/JdbcIndexedSessionRepository> (0x0000000711d0e220) 
thrown [s\open\src\hotspot\share\oops\constantPool.cpp, line 873]
Event: 7214.804 Thread 0x0000026b08d81800 Exception <a 'java/io/FileNotFoundException'{0x0000000711228778}> (0x0000000711228778) 
thrown [s\open\src\hotspot\share\prims\jni.cpp, line 520]
Event: 7215.153 Thread 0x0000026b08d81800 Exception <a 'java/io/FileNotFoundException'{0x0000000710c51a48}> (0x0000000710c51a48) 
thrown [s\open\src\hotspot\share\prims\jni.cpp, line 520]
Event: 7216.010 Thread 0x0000026b08d81800 Exception <a 'java/lang/NoSuchMethodError'{0x00000007107f4098}: 'void java.lang.invoke.DirectMethodHandle$Holder.invokeStaticInit(java.lang.Object, java.lang.Object, java.lang.Object, java.lang.Object, java.lang.Object)'> (0x00000007107f4098) 
thrown [s\open\src\hotspot\share\interpreter\linkResolver.cpp, line 773]
Event: 7216.971 Thread 0x0000026b08d81800 Exception <a 'java/lang/NoSuchMethodError'{0x00000007183c8af8}: 'java.lang.Object java.lang.invoke.Invokers$Holder.linkToTargetMethod(java.lang.Object, java.lang.Object, java.lang.Object, java.lang.Object, java.lang.Object, java.lang.Object, java.lang.Object, java.lang.Object, java.lang.Object, java.lang.Object, java.lang.Object, java.lang.Object, java.lang.Object, java.lang.Object, java.lang.Object)'> (0x00000007183c8af8) 
thrown [s\open\src\hotspot\share\interpreter\linkResolver.cpp, line 773]
Event: 7225.481 Thread 0x0000026b08d84c80 Exception <a 'java/lang/InterruptedException'{0x00000007116e4468}: sleep interrupted> (0x00000007116e4468) 
thrown [s\open\src\hotspot\share\prims\jvm.cpp, line 3074]
Event: 7225.618 Thread 0x0000026b08d7fdc0 Exception <a 'java/lang/InterruptedException'{0x0000000711000040}: sleep interrupted> (0x0000000711000040) 
thrown [s\open\src\hotspot\share\prims\jvm.cpp, line 3074]

ZGC Phase Switch (0 events):
No events

VM Operations (20 events):
Event: 7216.023 Executing VM operation: HandshakeAllThreads (Deoptimize) done
Event: 7216.484 Executing VM operation: G1CollectForAllocation (G1 Evacuation Pause)
Event: 7216.489 Executing VM operation: G1CollectForAllocation (G1 Evacuation Pause) done
Event: 7216.569 Executing VM operation: G1PauseRemark
Event: 7216.586 Executing VM operation: G1PauseRemark done
Event: 7216.609 Executing VM operation: G1PauseCleanup
Event: 7216.613 Executing VM operation: G1PauseCleanup done
Event: 7217.340 Executing VM operation: HandshakeAllThreads (Deoptimize)
Event: 7217.340 Executing VM operation: HandshakeAllThreads (Deoptimize) done
Event: 7217.364 Executing VM operation: HandshakeAllThreads (Deoptimize)
Event: 7217.364 Executing VM operation: HandshakeAllThreads (Deoptimize) done
Event: 7218.372 Executing VM operation: Cleanup
Event: 7218.373 Executing VM operation: Cleanup done
Event: 7219.386 Executing VM operation: Cleanup
Event: 7219.387 Executing VM operation: Cleanup done
Event: 7220.395 Executing VM operation: Cleanup
Event: 7220.395 Executing VM operation: Cleanup done
Event: 7225.428 Executing VM operation: Cleanup
Event: 7225.428 Executing VM operation: Cleanup done
Event: 7225.618 Executing VM operation: G1CollectFull (System.gc())

Events (20 events):
Event: 7225.483 Thread 0x0000026b0e494230 Thread added: 0x0000026b0e494230
Event: 7225.483 Thread 0x0000026b0879f070 Thread added: 0x0000026b0879f070
Event: 7225.483 Thread 0x0000026b087a3f30 Thread exited: 0x0000026b087a3f30
Event: 7225.483 Thread 0x0000026b0879fd90 Thread added: 0x0000026b0879fd90
Event: 7225.483 Thread 0x0000026b087a3f30 Thread added: 0x0000026b087a3f30
Event: 7225.484 Thread 0x0000026b087a3210 Thread added: 0x0000026b087a3210
Event: 7225.484 Thread 0x0000026b087a17d0 Thread added: 0x0000026b087a17d0
Event: 7225.484 Thread 0x0000026b087a0420 Thread exited: 0x0000026b087a0420
Event: 7225.484 Thread 0x0000026b0879f700 Thread exited: 0x0000026b0879f700
Event: 7225.484 Thread 0x0000026b087a24f0 Thread exited: 0x0000026b087a24f0
Event: 7225.485 Thread 0x0000026b0879f070 Thread exited: 0x0000026b0879f070
Event: 7225.485 Thread 0x0000026b087a1140 Thread exited: 0x0000026b087a1140
Event: 7225.485 Thread 0x0000026b0879fd90 Thread exited: 0x0000026b0879fd90
Event: 7225.485 Thread 0x0000026b087a3f30 Thread exited: 0x0000026b087a3f30
Event: 7225.485 Thread 0x0000026b087a3210 Thread exited: 0x0000026b087a3210
Event: 7225.485 Thread 0x0000026b087a17d0 Thread exited: 0x0000026b087a17d0
Event: 7225.609 Thread 0x0000026b087a24f0 Thread added: 0x0000026b087a24f0
Event: 7225.609 Thread 0x0000026b08d838d0 Thread exited: 0x0000026b08d838d0
Event: 7225.610 Thread 0x0000026b087a24f0 Thread exited: 0x0000026b087a24f0
Event: 7225.618 Thread 0x0000026b08d7fdc0 Thread exited: 0x0000026b08d7fdc0


Dynamic libraries:
0x00007ff7a3be0000 - 0x00007ff7a3bf0000 	C:\Program Files\Java\jdk-21\bin\java.exe
0x00007ffe3ea80000 - 0x00007ffe3ece7000 	C:\windows\SYSTEM32\ntdll.dll
0x00007ffe3cfb0000 - 0x00007ffe3d079000 	C:\windows\System32\KERNEL32.DLL
0x00007ffe3bd30000 - 0x00007ffe3c11f000 	C:\windows\System32\KERNELBASE.dll
0x00007ffe3c290000 - 0x00007ffe3c3db000 	C:\windows\System32\ucrtbase.dll
0x00007ffe181c0000 - 0x00007ffe181db000 	C:\Program Files\Java\jdk-21\bin\VCRUNTIME140.dll
0x00007ffe17800000 - 0x00007ffe17819000 	C:\Program Files\Java\jdk-21\bin\jli.dll
0x00007ffe3d4e0000 - 0x00007ffe3d594000 	C:\windows\System32\ADVAPI32.dll
0x00007ffe3cf00000 - 0x00007ffe3cfa9000 	C:\windows\System32\msvcrt.dll
0x00007ffe3d080000 - 0x00007ffe3d126000 	C:\windows\System32\sechost.dll
0x00007ffe3e590000 - 0x00007ffe3e6a8000 	C:\windows\System32\RPCRT4.dll
0x00007ffe3d310000 - 0x00007ffe3d4d5000 	C:\windows\System32\USER32.dll
0x00007ffe3c130000 - 0x00007ffe3c157000 	C:\windows\System32\win32u.dll
0x00007ffe3cb10000 - 0x00007ffe3cb3b000 	C:\windows\System32\GDI32.dll
0x00007ffe3add0000 - 0x00007ffe3b063000 	C:\windows\WinSxS\amd64_microsoft.windows.common-controls_6595b64144ccf1df_6.0.26100.7309_none_3e05feeae336a044\COMCTL32.dll
0x00007ffe3c160000 - 0x00007ffe3c28c000 	C:\windows\System32\gdi32full.dll
0x00007ffe3bc80000 - 0x00007ffe3bd23000 	C:\windows\System32\msvcp_win.dll
0x00007ffe33340000 - 0x00007ffe3334b000 	C:\windows\SYSTEM32\VERSION.dll
0x00007ffe3ca50000 - 0x00007ffe3ca81000 	C:\windows\System32\IMM32.DLL
0x00007ffe177f0000 - 0x00007ffe177fc000 	C:\Program Files\Java\jdk-21\bin\vcruntime140_1.dll
0x00007ffe15d10000 - 0x00007ffe15d9e000 	C:\Program Files\Java\jdk-21\bin\msvcp140.dll
0x00007ffe14ff0000 - 0x00007ffe15d0d000 	C:\Program Files\Java\jdk-21\bin\server\jvm.dll
0x00007ffe3cb40000 - 0x00007ffe3cbb4000 	C:\windows\System32\WS2_32.dll
0x00007ffe3b980000 - 0x00007ffe3b9de000 	C:\windows\SYSTEM32\POWRPROF.dll
0x00007ffe31770000 - 0x00007ffe317a5000 	C:\windows\SYSTEM32\WINMM.dll
0x00007ffe3b960000 - 0x00007ffe3b974000 	C:\windows\SYSTEM32\UMPDC.dll
0x00007ffe3a050000 - 0x00007ffe3a06b000 	C:\windows\SYSTEM32\kernel.appcore.dll
0x00007ffe14fe0000 - 0x00007ffe14fea000 	C:\Program Files\Java\jdk-21\bin\jimage.dll
0x00007ffe3b380000 - 0x00007ffe3b5c2000 	C:\windows\SYSTEM32\DBGHELP.DLL
0x00007ffe3e6b0000 - 0x00007ffe3ea35000 	C:\windows\System32\combase.dll
0x00007ffe3ce20000 - 0x00007ffe3cef6000 	C:\windows\System32\OLEAUT32.dll
0x00007ffe14fa0000 - 0x00007ffe14fdc000 	C:\windows\SYSTEM32\dbgcore.DLL
0x00007ffe3bbd0000 - 0x00007ffe3bc75000 	C:\windows\System32\bcryptPrimitives.dll
0x00007ffe29cc0000 - 0x00007ffe29ccf000 	C:\Program Files\Java\jdk-21\bin\instrument.dll
0x00007ffe14f80000 - 0x00007ffe14f9f000 	C:\Program Files\Java\jdk-21\bin\java.dll
0x00007ffe3de10000 - 0x00007ffe3e563000 	C:\windows\System32\SHELL32.dll
0x00007ffe3c530000 - 0x00007ffe3c69a000 	C:\windows\System32\wintypes.dll
0x00007ffe38d60000 - 0x00007ffe395be000 	C:\windows\SYSTEM32\windows.storage.dll
0x00007ffe3c830000 - 0x00007ffe3c925000 	C:\windows\System32\SHCORE.dll
0x00007ffe3d180000 - 0x00007ffe3d1e6000 	C:\windows\System32\shlwapi.dll
0x00007ffe3baf0000 - 0x00007ffe3bb19000 	C:\windows\SYSTEM32\profapi.dll
0x00007ffe14520000 - 0x00007ffe14538000 	C:\Program Files\Java\jdk-21\bin\zip.dll
0x00007ffe14f30000 - 0x00007ffe14f40000 	C:\Program Files\Java\jdk-21\bin\net.dll
0x00007ffe32a60000 - 0x00007ffe32b88000 	C:\windows\SYSTEM32\WINHTTP.dll
0x00007ffe3a580000 - 0x00007ffe3a5eb000 	C:\windows\system32\mswsock.dll
0x00007ffe14540000 - 0x00007ffe14556000 	C:\Program Files\Java\jdk-21\bin\nio.dll
0x00007ffe13bd0000 - 0x00007ffe13bd9000 	C:\Program Files\Java\jdk-21\bin\extnet.dll
0x00007ffe39b70000 - 0x00007ffe39c9c000 	C:\windows\SYSTEM32\DNSAPI.dll
0x00007ffe39b30000 - 0x00007ffe39b64000 	C:\windows\SYSTEM32\IPHLPAPI.DLL
0x00007ffe3d1f0000 - 0x00007ffe3d1fa000 	C:\windows\System32\NSI.dll
0x00007ffe32560000 - 0x00007ffe3256b000 	C:\Windows\System32\rasadhlp.dll
0x00007ffe34650000 - 0x00007ffe346d6000 	C:\windows\System32\fwpuclnt.dll
0x00007ffe10640000 - 0x00007ffe1064a000 	C:\Program Files\Java\jdk-21\bin\management.dll
0x00007ffe10630000 - 0x00007ffe1063b000 	C:\Program Files\Java\jdk-21\bin\management_ext.dll
0x00007ffe3c820000 - 0x00007ffe3c828000 	C:\windows\System32\PSAPI.DLL
0x00007ffe3b6f0000 - 0x00007ffe3b70b000 	C:\windows\SYSTEM32\CRYPTSP.dll
0x00007ffe3a8c0000 - 0x00007ffe3a8fa000 	C:\windows\system32\rsaenh.dll
0x00007ffe3a5f0000 - 0x00007ffe3a61b000 	C:\windows\SYSTEM32\USERENV.dll
0x00007ffe3bac0000 - 0x00007ffe3baea000 	C:\windows\SYSTEM32\bcrypt.dll
0x00007ffe3a880000 - 0x00007ffe3a88c000 	C:\windows\SYSTEM32\CRYPTBASE.dll
0x00007ffe10610000 - 0x00007ffe10628000 	C:\windows\system32\napinsp.dll
0x00007ffe105f0000 - 0x00007ffe10602000 	C:\windows\System32\winrnr.dll
0x00007ffe105c0000 - 0x00007ffe105e2000 	C:\windows\system32\nlansp_c.dll
0x00007ffe32220000 - 0x00007ffe32236000 	C:\windows\system32\wshbth.dll
0x00007ffe10650000 - 0x00007ffe1065e000 	C:\Program Files\Java\jdk-21\bin\sunmscapi.dll
0x00007ffe3c6a0000 - 0x00007ffe3c817000 	C:\windows\System32\CRYPT32.dll
0x00007ffe3ac90000 - 0x00007ffe3acc0000 	C:\windows\SYSTEM32\ncrypt.dll
0x00007ffe3ac40000 - 0x00007ffe3ac7f000 	C:\windows\SYSTEM32\NTASN1.dll
0x00007ffe36ef0000 - 0x00007ffe36f00000 	C:\Program Files\Java\jdk-21\bin\verify.dll
0x00007ffe10680000 - 0x00007ffe10688000 	C:\windows\system32\wshunix.dll

dbghelp: loaded successfully - version: 4.0.5 - missing functions: none
symbol engine: initialized successfully - sym options: 0x614 - pdb path: .;C:\Program Files\Java\jdk-21\bin;C:\windows\SYSTEM32;C:\windows\WinSxS\amd64_microsoft.windows.common-controls_6595b64144ccf1df_6.0.26100.7309_none_3e05feeae336a044;C:\Program Files\Java\jdk-21\bin\server

VM Arguments:
jvm_args: -XX:TieredStopAtLevel=1 -Dspring.output.ansi.enabled=always -Dcom.sun.management.jmxremote -Dspring.jmx.enabled=true -Dspring.liveBeansView.mbeanDomain -Dspring.application.admin.enabled=true -Dmanagement.endpoints.jmx.exposure.include=* -javaagent:C:\Program Files\JetBrains\IntelliJ IDEA 2025.2.4\lib\idea_rt.jar=65369 -Dfile.encoding=UTF-8 -Dsun.stdout.encoding=UTF-8 -Dsun.stderr.encoding=UTF-8 
java_command: com.app.easypharma_backend.EasypharmaApplication
java_class_path (initial): D:\Documents\EADL\Semestre_1\Projet CC Nkdonjoh\medicam-backend\target\classes;C:\Users\samen\.m2\repository\org\springframework\boot\spring-boot-starter-web\3.5.7\spring-boot-starter-web-3.5.7.jar;C:\Users\samen\.m2\repository\org\springframework\boot\spring-boot-starter\3.5.7\spring-boot-starter-3.5.7.jar;C:\Users\samen\.m2\repository\org\springframework\boot\spring-boot-starter-logging\3.5.7\spring-boot-starter-logging-3.5.7.jar;C:\Users\samen\.m2\repository\ch\qos\logback\logback-classic\1.5.20\logback-classic-1.5.20.jar;C:\Users\samen\.m2\repository\ch\qos\logback\logback-core\1.5.20\logback-core-1.5.20.jar;C:\Users\samen\.m2\repository\org\apache\logging\log4j\log4j-to-slf4j\2.24.3\log4j-to-slf4j-2.24.3.jar;C:\Users\samen\.m2\repository\org\apache\logging\log4j\log4j-api\2.24.3\log4j-api-2.24.3.jar;C:\Users\samen\.m2\repository\org\slf4j\jul-to-slf4j\2.0.17\jul-to-slf4j-2.0.17.jar;C:\Users\samen\.m2\repository\jakarta\annotation\jakarta.annotation-api\2.1.1\jakarta.annotation-api-2.1.1.jar;C:\Users\samen\.m2\repository\org\yaml\snakeyaml\2.4\snakeyaml-2.4.jar;C:\Users\samen\.m2\repository\org\springframework\boot\spring-boot-starter-json\3.5.7\spring-boot-starter-json-3.5.7.jar;C:\Users\samen\.m2\repository\com\fasterxml\jackson\datatype\jackson-datatype-jdk8\2.19.2\jackson-datatype-jdk8-2.19.2.jar;C:\Users\samen\.m2\repository\com\fasterxml\jackson\module\jackson-module-parameter-names\2.19.2\jackson-module-parameter-names-2.19.2.jar;C:\Users\samen\.m2\repository\org\springframework\boot\spring-boot-starter-tomcat\3.5.7\spring-boot-starter-tomcat-3.5.7.jar;C:\Users\samen\.m2\repository\org\apache\tomcat\embed\tomcat-embed-core\10.1.48\tomcat-embed-core-10.1.48.jar;C:\Users\samen\.m2\repository\org\apache\tomcat\embed\tomcat-embed-websocket\10.1.48\tomcat-embed-websocket-10.1.48.jar;C:\Users\samen\.m2\repository\org\springframework\spring-web\6.2.12\spring-web-6.2.12.jar;C:\Users\samen\.m2\repository\org\springframework\spring-beans\6.2.12\spring-beans-6.2.12.jar;C:\Users\samen\.m2\repository\org\springframework\spring-webmvc\6.2.12\spring-webmvc-6.2.12.jar;C:\Users\samen\.m2\repository\org\springframework\spring-context\6.2.12\spring-context-6.2.12.jar;C:\Users\samen\.m2\repository\org\springframework\spring-expression\6.2.12\spring-expression-6.2.12.jar;C:\Users\samen\.m2\repository\org\springframework\boot\spring-boot-starter-data-jpa\3.5.7\spring-boot-starter-data-jpa-3.5.7.jar;C:\Users\samen\.m2\repository\org\springframework\boot\spring-boot-starter-jdbc\3.5.7\spring-boot-starter-jdbc-3.5.7.jar;C:\Users\samen\.m2\repository\com\zaxxer\HikariCP\6.3.3\HikariCP-6.3.3.jar;C:\Users\samen\.m2\repository\org\springframework\spring-jdbc\6.2.12\spring-jdbc-6.2.12.jar;C:\Users\samen\.m2\repository\org\hibernate\orm\hibernate-core\6.6.33.Final\hibernate-core-6.6.33.Final.jar;C:\Users\samen\.m2\repository\jakarta\persistence\jakarta.persistence-api\3.1.0\jakarta.persistence-api-3.1.0.jar;C:\Users\samen\.m2\repository\jakarta\transaction\jakarta.transaction-api\2.0.1\jakarta.transaction-api-2.0.1.jar;C:\Users\samen\.m2\repository\org\hibernate\common\hibernate-commons-annotations\7.0.3.Final\hibernate-commons-annotations-7.0.3.Final.jar;C:\Users\samen\.m2\repository\io\smallrye\jandex\3.2.0\jandex-3.2.0.jar;C:\Users\samen\.m2\repository\com\fasterxml\classmate\1.7.1\classmate-1.7.1.jar;C:\Users\samen\.m2\repository\net\bytebuddy\byte-buddy\1.17.8\byte-buddy-1.17.8.jar;C:\Users\samen\.m2\repository\org\glassfish\jaxb\jaxb-runtime\4.0.6\jaxb-runtime-4.0.6.jar;C:\Users\samen\.m2\repository\org\glassfish\jaxb\jaxb-core\4.0.6\jaxb-core-4.0.6.jar;C:\Users\samen\.m2\repository\org\glassfish\jaxb\txw2\4.0.6\txw2-4.0.6.jar;C:\Users\samen\.m2\repository\com\sun\istack\istack-commons-runtime\4.1.2\istack-commons-runtime-4.1.2.jar;C:\Users\samen\.m2\repository\jakarta\inject\jakarta.inject-api\2.0.1\jakarta.inject-api-2.0.1.jar;C:\Users\samen\.m2\repository\org\antlr\antlr4-runtime\4.13.0\antlr4-runtime-4.13.0.jar;C:\Users\samen\.m2\repository\org\springframework\data\spring-data-jpa\3.5.5\spring-data-jpa-3.5.5.jar;C:\Users\samen\.m2\repository\org\springframework\data\spring-data-commons\3.5.5\spring-data-commons-3.5.5.jar;C:\Users\samen\.m2\repository\org\springframework\spring-orm\6.2.12\spring-orm-6.2.12.jar;C:\Users\samen\.m2\repository\org\springframework\spring-tx\6.2.12\spring-tx-6.2.12.jar;C:\Users\samen\.m2\repository\org\springframework\spring-aspects\6.2.12\spring-aspects-6.2.12.jar;C:\Users\samen\.m2\repository\org\aspectj\aspectjweaver\1.9.24\aspectjweaver-1.9.24.jar;C:\Users\samen\.m2\repository\org\springframework\boot\spring-boot-starter-validation\3.5.7\spring-boot-starter-validation-3.5.7.jar;C:\Users\samen\.m2\repository\org\apache\tomcat\embed\tomcat-embed-el\10.1.48\tomcat-embed-el-10.1.48.jar;C:\Users\samen\.m2\repository\org\hibernate\validator\hibernate-validator\8.0.3.Final\hibernate-validator-8.0.3.Final.jar;C:\Users\samen\.m2\repository\jakarta\validation\jakarta.validation-api\3.0.2\jakarta.validation-api-3.0.2.jar;C:\Users\samen\.m2\repository\org\springframework\boot\spring-boot-starter-security\3.5.7\spring-boot-starter-security-3.5.7.jar;C:\Users\samen\.m2\repository\org\springframework\spring-aop\6.2.12\spring-aop-6.2.12.jar;C:\Users\samen\.m2\repository\org\springframework\security\spring-security-config\6.5.6\spring-security-config-6.5.6.jar;C:\Users\samen\.m2\repository\org\springframework\security\spring-security-web\6.5.6\spring-security-web-6.5.6.jar;C:\Users\samen\.m2\repository\org\springframework\boot\spring-boot-starter-actuator\3.5.7\spring-boot-starter-actuator-3.5.7.jar;C:\Users\samen\.m2\repository\org\springframework\boot\spring-boot-actuator-autoconfigure\3.5.7\spring-boot-actuator-autoconfigure-3.5.7.jar;C:\Users\samen\.m2\repository\org\springframework\boot\spring-boot-actuator\3.5.7\spring-boot-actuator-3.5.7.jar;C:\Users\samen\.m2\repository\io\micrometer\micrometer-observation\1.15.5\micrometer-observation-1.15.5.jar;C:\Users\samen\.m2\repository\io\micrometer\micrometer-commons\1.15.5\micrometer-commons-1.15.5.jar;C:\Users\samen\.m2\repository\io\micrometer\micrometer-jakarta9\1.15.5\micrometer-jakarta9-1.15.5.jar;C:\Users\samen\.m2\repository\org\springframework\boot\spring-boot-starter-cache\3.5.7\spring-boot-starter-cache-3.5.7.jar;C:\Users\samen\.m2\repository\org\springframework\spring-context-support\6.2.12\spring-context-support-6.2.12.jar;C:\Users\samen\.m2\repository\org\springframework\boot\spring-boot-starter-data-redis\3.5.7\spring-boot-starter-data-redis-3.5.7.jar;C:\Users\samen\.m2\repository\io\lettuce\lettuce-core\6.6.0.RELEASE\lettuce-core-6.6.0.RELEASE.jar;C:\Users\samen\.m2\repository\redis\clients\authentication\redis-authx-core\0.1.1-beta2\redis-authx-core-0.1.1-beta2.jar;C:\Users\samen\.m2\repository\io\netty\netty-common\4.1.128.Final\netty-common-4.1.128.Final.jar;C:\Users\samen\.m2\repository\io\netty\netty-handler\4.1.128.Final\netty-handler-4.1.128.Final.jar;C:\Users\samen\.m2\repository\io\netty\netty-resolver\4.1.128.Final\netty-resolver-4.1.128.Final.jar;C:\Users\samen\.m2\repository\io\netty\netty-buffer\4.1.128.Final\netty-buffer-4.1.128.Final.jar;C:\Users\samen\.m2\repository\io\netty\netty-transport-native-unix-common\4.1.128.Final\netty-transport-native-unix-common-4.1.128.Final.jar;C:\Users\samen\.m2\repository\io\netty\netty-codec\4.1.128.Final\netty-codec-4.1.128.Final.jar;C:\Users\samen\.m2\repository\io\netty\netty-transport\4.1.128.Final\netty-transport-4.1.128.Final.jar;C:\Users\samen\.m2\repository\io\projectreactor\reactor-core\3.7.12\reactor-core-3.7.12.jar;C:\Users\samen\.m2\repository\org\reactivestreams\reactive-streams\1.0.4\reactive-streams-1.0.4.jar;C:\Users\samen\.m2\repository\org\springframework\data\spring-data-redis\3.5.5\spring-data-redis-3.5.5.jar;C:\Users\samen\.m2\repository\org\springframework\data\spring-data-keyvalue\3.5.5\spring-data-keyvalue-3.5.5.jar;C:\Users\samen\.m2\repository\org\springframework\spring-oxm\6.2.12\spring-oxm-6.2.12.jar;C:\Users\samen\.m2\repository\org\springframework\boot\spring-boot-starter-mail\3.5.7\spring-boot-starter-mail-3.5.7.jar;C:\Users\samen\.m2\repository\org\eclipse\angus\jakarta.mail\2.0.5\jakarta.mail-2.0.5.jar;C:\Users\samen\.m2\repository\jakarta\activation\jakarta.activation-api\2.1.4\jakarta.activation-api-2.1.4.jar;C:\Users\samen\.m2\repository\org\eclipse\angus\angus-activation\2.0.3\angus-activation-2.0.3.jar;C:\Users\samen\.m2\repository\org\springframework\boot\spring-boot-starter-amqp\3.5.7\spring-boot-starter-amqp-3.5.7.jar;C:\Users\samen\.m2\repository\org\springframework\spring-messaging\6.2.12\spring-messaging-6.2.12.jar;C:\Users\samen\.m2\repository\org\springframework\amqp\spring-rabbit\3.2.8\spring-rabbit-3.2.8.jar;C:\Users\samen\.m2\repository\org\springframework\amqp\spring-amqp\3.2.8\spring-amqp-3.2.8.jar;C:\Users\samen\.m2\repository\org\springframework\retry\spring-retry\2.0.12\spring-retry-2.0.12.jar;C:\Users\samen\.m2\repository\com\rabbitmq\amqp-client\5.25.0\amqp-client-5.25.0.jar;C:\Users\samen\.m2\repository\org\springframework\boot\spring-boot-devtools\3.5.7\spring-boot-devtools-3.5.7.jar;C:\Users\samen\.m2\repository\org\springframework\boot\spring-boot\3.5.7\spring-boot-3.5.7.jar;C:\Users\samen\.m2\repository\org\springframework\boot\spring-boot-autoconfigure\3.5.7\spring-boot-autoconfigure-3.5.7.jar;C:\Users\samen\.m2\repository\com\h2database\h2\2.3.232\h2-2.3.232.jar;C:\Users\samen\.m2\repository\org\postgresql\postgresql\42.7.8\postgresql-42.7.8.jar;C:\Users\samen\.m2\repository\org\checkerframework\checker-qual\3.49.5\checker-qual-3.49.5.jar;C:\Users\samen\.m2\repository\net\postgis\postgis-jdbc\2025.1.0\postgis-jdbc-2025.1.0.jar;C:\Users\samen\.m2\repository\net\postgis\postgis-geometry\2025.1.0\postgis-geometry-2025.1.0.jar;C:\Users\samen\.m2\repository\org\slf4j\slf4j-api\2.0.17\slf4j-api-2.0.17.jar;C:\Users\samen\.m2\repository\org\hibernate\orm\hibernate-spatial\6.4.4.Final\hibernate-spatial-6.4.4.Final.jar;C:\Users\samen\.m2\repository\org\geolatte\geolatte-geom\1.8.2\geolatte-geom-1.8.2.jar;C:\Users\samen\.m2\repository\org\locationtech\jts\jts-core\1.18.2\jts-core-1.18.2.jar;C:\Users\samen\.m2\repository\org\jboss\logging\jboss-logging\3.6.1.Final\jboss-logging-3.6.1.Final.jar;C:\Users\samen\.m2\repository\org\flywaydb\flyway-core\11.7.2\flyway-core-11.7.2.jar;C:\Users\samen\.m2\repository\com\fasterxml\jackson\dataformat\jackson-dataformat-toml\2.19.2\jackson-dataformat-toml-2.19.2.jar;C:\Users\samen\.m2\repository\com\fasterxml\jackson\core\jackson-core\2.19.2\jackson-core-2.19.2.jar;C:\Users\samen\.m2\repository\com\fasterxml\jackson\datatype\jackson-datatype-jsr310\2.19.2\jackson-datatype-jsr310-2.19.2.jar;C:\Users\samen\.m2\repository\com\fasterxml\jackson\core\jackson-annotations\2.19.2\jackson-annotations-2.19.2.jar;C:\Users\samen\.m2\repository\org\flywaydb\flyway-database-postgresql\11.7.2\flyway-database-postgresql-11.7.2.jar;C:\Users\samen\.m2\repository\io\jsonwebtoken\jjwt-api\0.12.5\jjwt-api-0.12.5.jar;C:\Users\samen\.m2\repository\io\jsonwebtoken\jjwt-impl\0.12.5\jjwt-impl-0.12.5.jar;C:\Users\samen\.m2\repository\io\jsonwebtoken\jjwt-jackson\0.12.5\jjwt-jackson-0.12.5.jar;C:\Users\samen\.m2\repository\com\fasterxml\jackson\core\jackson-databind\2.19.2\jackson-databind-2.19.2.jar;C:\Users\samen\.m2\repository\org\projectlombok\lombok\1.18.32\lombok-1.18.32.jar;C:\Users\samen\.m2\repository\org\mapstruct\mapstruct\1.6.0\mapstruct-1.6.0.jar;C:\Users\samen\.m2\repository\org\apache\commons\commons-lang3\3.18.0\commons-lang3-3.18.0.jar;C:\Users\samen\.m2\repository\commons-io\commons-io\2.16.1\commons-io-2.16.1.jar;C:\Users\samen\.m2\repository\org\springdoc\springdoc-openapi-starter-webmvc-ui\2.8.4\springdoc-openapi-starter-webmvc-ui-2.8.4.jar;C:\Users\samen\.m2\repository\org\springdoc\springdoc-openapi-starter-webmvc-api\2.8.4\springdoc-openapi-starter-webmvc-api-2.8.4.jar;C:\Users\samen\.m2\repository\org\springdoc\springdoc-openapi-starter-common\2.8.4\springdoc-openapi-starter-common-2.8.4.jar;C:\Users\samen\.m2\repository\io\swagger\core\v3\swagger-core-jakarta\2.2.28\swagger-core-jakarta-2.2.28.jar;C:\Users\samen\.m2\repository\io\swagger\core\v3\swagger-annotations-jakarta\2.2.28\swagger-annotations-jakarta-2.2.28.jar;C:\Users\samen\.m2\repository\io\swagger\core\v3\swagger-models-jakarta\2.2.28\swagger-models-jakarta-2.2.28.jar;C:\Users\samen\.m2\repository\com\fasterxml\jackson\dataformat\jackson-dataformat-yaml\2.19.2\jackson-dataformat-yaml-2.19.2.jar;C:\Users\samen\.m2\repository\org\webjars\swagger-ui\5.18.2\swagger-ui-5.18.2.jar;C:\Users\samen\.m2\repository\org\webjars\webjars-locator-lite\1.1.2\webjars-locator-lite-1.1.2.jar;C:\Users\samen\.m2\repository\org\jspecify\jspecify\1.0.0\jspecify-1.0.0.jar;C:\Users\samen\.m2\repository\com\itextpdf\barcodes\8.0.3\barcodes-8.0.3.jar;C:\Users\samen\.m2\repository\com\itextpdf\font-asian\8.0.3\font-asian-8.0.3.jar;C:\Users\samen\.m2\repository\com\itextpdf\forms\8.0.3\forms-8.0.3.jar;C:\Users\samen\.m2\repository\com\itextpdf\hyph\8.0.3\hyph-8.0.3.jar;C:\Users\samen\.m2\repository\com\itextpdf\io\8.0.3\io-8.0.3.jar;C:\Users\samen\.m2\repository\com\itextpdf\commons\8.0.3\commons-8.0.3.jar;C:\Users\samen\.m2\repository\com\itextpdf\kernel\8.0.3\kernel-8.0.3.jar;C:\Users\samen\.m2\repository\com\itextpdf\layout\8.0.3\layout-8.0.3.jar;C:\Users\samen\.m2\repository\com\itextpdf\pdfa\8.0.3\pdfa-8.0.3.jar;C:\Users\samen\.m2\repository\com\itextpdf\sign\8.0.3\sign-8.0.3.jar;C:\Users\samen\.m2\repository\com\itextpdf\styled-xml-parser\8.0.3\styled-xml-parser-8.0.3.jar;C:\Users\samen\.m2\repository\com\itextpdf\svg\8.0.3\svg-8.0.3.jar;C:\Users\samen\.m2\repository\com\itextpdf\bouncy-castle-connector\8.0.3\bouncy-castle-connector-8.0.3.jar;C:\Users\samen\.m2\repository\com\itextpdf\pdfua\8.0.3\pdfua-8.0.3.jar;C:\Users\samen\.m2\repository\commons-fileupload\commons-fileupload\1.6.0\commons-fileupload-1.6.0.jar;C:\Users\samen\.m2\repository\io\micrometer\micrometer-registry-prometheus\1.15.5\micrometer-registry-prometheus-1.15.5.jar;C:\Users\samen\.m2\repository\io\micrometer\micrometer-core\1.15.5\micrometer-core-1.15.5.jar;C:\Users\samen\.m2\repository\org\hdrhistogram\HdrHistogram\2.2.2\HdrHistogram-2.2.2.jar;C:\Users\samen\.m2\repository\org\latencyutils\LatencyUtils\2.0.3\LatencyUtils-2.0.3.jar;C:\Users\samen\.m2\repository\io\prometheus\prometheus-metrics-core\1.3.10\prometheus-metrics-core-1.3.10.jar;C:\Users\samen\.m2\repository\io\prometheus\prometheus-metrics-model\1.3.10\prometheus-metrics-model-1.3.10.jar;C:\Users\samen\.m2\repository\io\prometheus\prometheus-metrics-config\1.3.10\prometheus-metrics-config-1.3.10.jar;C:\Users\samen\.m2\repository\io\prometheus\prometheus-metrics-tracer-common\1.3.10\prometheus-metrics-tracer-common-1.3.10.jar;C:\Users\samen\.m2\repository\io\prometheus\prometheus-metrics-exposition-formats\1.3.10\prometheus-metrics-exposition-formats-1.3.10.jar;C:\Users\samen\.m2\repository\io\prometheus\prometheus-metrics-exposition-textformats\1.3.10\prometheus-metrics-exposition-textformats-1.3.10.jar;C:\Users\samen\.m2\repository\jakarta\xml\bind\jakarta.xml.bind-api\4.0.4\jakarta.xml.bind-api-4.0.4.jar;C:\Users\samen\.m2\repository\org\springframework\spring-core\6.2.12\spring-core-6.2.12.jar;C:\Users\samen\.m2\repository\org\springframework\spring-jcl\6.2.12\spring-jcl-6.2.12.jar;C:\Users\samen\.m2\repository\org\springframework\security\spring-security-core\6.5.6\spring-security-core-6.5.6.jar;C:\Users\samen\.m2\repository\org\springframework\security\spring-security-crypto\6.5.6\spring-security-crypto-6.5.6.jar;C:\Users\samen\.m2\repository\com\bucket4j\bucket4j-core\8.10.1\bucket4j-core-8.10.1.jar;C:\Users\samen\.m2\repository\com\google\guava\guava\33.0.0-jre\guava-33.0.0-jre.jar;C:\Users\samen\.m2\repository\com\google\guava\failureaccess\1.0.2\failureaccess-1.0.2.jar;C:\Users\samen\.m2\repository\com\google\guava\listenablefuture\9999.0-empty-to-avoid-conflict-with-guava\listenablefuture-9999.0-empty-to-avoid-conflict-with-guava.jar;C:\Users\samen\.m2\repository\com\google\code\findbugs\jsr305\3.0.2\jsr305-3.0.2.jar;C:\Users\samen\.m2\repository\com\google\errorprone\error_prone_annotations\2.23.0\error_prone_annotations-2.23.0.jar;C:\Users\samen\.m2\repository\com\google\j2objc\j2objc-annotations\2.8\j2objc-annotations-2.8.jar
Launcher Type: SUN_STANDARD

[Global flags]
     intx CICompilerCount                          = 12                                        {product} {ergonomic}
     uint ConcGCThreads                            = 3                                         {product} {ergonomic}
     uint G1ConcRefinementThreads                  = 13                                        {product} {ergonomic}
   size_t G1HeapRegionSize                         = 2097152                                   {product} {ergonomic}
    uintx GCDrainStackTargetSize                   = 64                                        {product} {ergonomic}
   size_t InitialHeapSize                          = 257949696                                 {product} {ergonomic}
     bool ManagementServer                         = true                                      {product} {command line}
   size_t MarkStackSize                            = 4194304                                   {product} {ergonomic}
   size_t MaxHeapSize                              = 4118806528                                {product} {ergonomic}
   size_t MaxNewSize                               = 2470445056                                {product} {ergonomic}
   size_t MinHeapDeltaBytes                        = 2097152                                   {product} {ergonomic}
   size_t MinHeapSize                              = 8388608                                   {product} {ergonomic}
    uintx NonNMethodCodeHeapSize                   = 4096                                   {pd product} {ergonomic}
    uintx NonProfiledCodeHeapSize                  = 0                                      {pd product} {ergonomic}
     bool ProfileInterpreter                       = false                                  {pd product} {command line}
    uintx ProfiledCodeHeapSize                     = 0                                      {pd product} {ergonomic}
   size_t SoftMaxHeapSize                          = 4118806528                             {manageable} {ergonomic}
     intx TieredStopAtLevel                        = 1                                         {product} {command line}
     bool UseCompressedOops                        = true                           {product lp64_product} {ergonomic}
     bool UseG1GC                                  = true                                      {product} {ergonomic}
     bool UseLargePagesIndividualAllocation        = false                                  {pd product} {ergonomic}

Logging:
Log output configuration:
 #0: stdout all=warning uptime,level,tags foldmultilines=false
 #1: stderr all=off uptime,level,tags foldmultilines=false

Environment Variables:
PATH=C:\Program Files\Java\jdk-21\bin;C:\windows\system32;C:\windows;C:\windows\System32\Wbem;C:\windows\System32\WindowsPowerShell\v1.0\;C:\windows\System32\OpenSSH\;C:\Program Files\HP\HP One Agent;C:\Program Files\nodejs\;C:\Program Files\Git\cmd;C:\Users\samen\.config\herd\bin\php84;C:\ProgramData\ComposerSetup\bin;C:\Redis-windows;C:\Users\samen\.config\herd\bin\nvm;C:\Program Files\nodejs;C:\Program Files\dotnet\;;C:\Program Files\Docker\Docker\resources\bin;C:\Users\samen\.local\bin;C:\Users\samen\.config\herd\bin;C:\Users\samen\AppData\Local\Microsoft\WindowsApps;C:\Users\samen\AppData\Roaming\npm;C:\Users\samen\AppData\Roaming\Composer\vendor\bin;C:\Program Files\JetBrains\PhpStorm 2025.2.4\bin;C:\Program Files\JetBrains\IntelliJ IDEA 2025.2.4\bin;C:\Users\samen\.lmstudio\bin;C:\Users\samen\AppData\Local\Python\bin;C:\Users\samen\AppData\Local\Programs\Antigravity\bin;C:\Users\samen\AppData\Local\Microsoft\WinGet\Packages\cURL.cURL_Microsoft.Winget.Source_8wekyb3d8bbwe\curl-8.17.0_6-win64-mingw/bin;
USERNAME=samen
OS=Windows_NT
PROCESSOR_IDENTIFIER=AMD64 Family 25 Model 80 Stepping 0, AuthenticAMD
TMP=C:\Users\samen\AppData\Local\Temp
TEMP=C:\Users\samen\AppData\Local\Temp




Periodic native trim disabled

---------------  S Y S T E M  ---------------

OS:
 Windows 11 , 64 bit Build 26100 (10.0.26100.7309)
OS uptime: 1 days 3:05 hours
Hyper-V role detected

CPU: total 16 (initial active 16) (16 cores per cpu, 2 threads per core) family 25 model 80 stepping 0 microcode 0xa500014, cx8, cmov, fxsr, ht, mmx, 3dnowpref, sse, sse2, sse3, ssse3, sse4a, sse4.1, sse4.2, popcnt, lzcnt, tsc, tscinvbit, avx, avx2, aes, erms, clmul, bmi1, bmi2, adx, sha, fma, vzeroupper, clflush, clflushopt, hv, rdtscp, rdpid, fsrm, f16c, cet_ss
Processor Information for all 16 processors :
  Max Mhz: 2000, Current Mhz: 2000, Mhz Limit: 2000

Memory: 4k page, system-wide physical 15711M (754M free)
TotalPageFile size 53500M (AvailPageFile size 16M)
current process WorkingSet (physical memory assigned to process): 381M, peak: 416M
current process commit charge ("private bytes"): 482M, peak: 501M

vm_info: Java HotSpot(TM) 64-Bit Server VM (21.0.9+7-LTS-338) for windows-amd64 JRE (21.0.9+7-LTS-338), built on 2025-09-26T06:33:49Z by "mach5run" with MS VC++ 17.6 (VS2022)

END.
