2025-12-23 00:19:06 [http-nio-8080-exec-10] DEBUG o.s.security.web.FilterChainProxy - Securing GET /api/v1/pharmacies/0c4cf416-591d-40f8-b9d6-c37dabff308c
2025-12-23 00:19:06 [http-nio-8080-exec-10] DEBUG org.hibernate.SQL - 
    /* SELECT
        u 
    FROM
        User u 
    LEFT JOIN
        
    FETCH
        u.pharmacy 
    WHERE
        LOWER(u.email) = LOWER(:email) */ select
            u1_0.id,
            u1_0.address,
            u1_0.city,
            u1_0.created_at,
            u1_0.email,
            u1_0.first_name,
            u1_0.is_active,
            u1_0.is_verified,
            u1_0.last_name,
            u1_0.latitude,
            u1_0.longitude,
            u1_0.password,
            p1_0.id,
            p1_0.address,
            p1_0.city,
            p1_0.created_at,
            p1_0.description,
            p1_0.latitude,
            p1_0.license_document_url,
            p1_0.license_number,
            p1_0.longitude,
            p1_0.name,
            p1_0.opening_hours,
            p1_0.phone,
            p1_0.status,
            p1_0.updated_at,
            p1_0.user_id,
            p1_0.validated_at,
            u1_0.phone,
            u1_0.role,
            u1_0.updated_at 
        from
            users u1_0 
        left join
            pharmacies p1_0 
                on p1_0.id=u1_0.pharmacy_id 
        where
            lower(u1_0.email)=lower(?)
2025-12-23 00:19:06 [http-nio-8080-exec-10] DEBUG o.s.security.web.FilterChainProxy - Secured GET /api/v1/pharmacies/0c4cf416-591d-40f8-b9d6-c37dabff308c
2025-12-23 00:19:06 [http-nio-8080-exec-10] DEBUG o.s.web.servlet.DispatcherServlet - GET "/api/v1/pharmacies/0c4cf416-591d-40f8-b9d6-c37dabff308c", parameters={}
2025-12-23 00:19:06 [http-nio-8080-exec-10] DEBUG o.s.w.s.m.m.a.RequestMappingHandlerMapping - Mapped to com.app.easypharma_backend.presentation.controller.PharmacyController#getPharmacyById(UUID)
2025-12-23 00:19:06 [http-nio-8080-exec-10] DEBUG org.hibernate.SQL - 
    select
        p1_0.id,
        p1_0.address,
        p1_0.city,
        p1_0.created_at,
        p1_0.description,
        p1_0.latitude,
        p1_0.license_document_url,
        p1_0.license_number,
        p1_0.longitude,
        p1_0.name,
        p1_0.opening_hours,
        p1_0.phone,
        p1_0.status,
        p1_0.updated_at,
        p1_0.user_id,
        p1_0.validated_at 
    from
        pharmacies p1_0 
    where
        p1_0.id=?
2025-12-23 00:19:06 [http-nio-8080-exec-10] DEBUG o.s.w.s.m.m.a.HttpEntityMethodProcessor - Using 'application/json', given [application/json, text/plain, */*] and supported [application/json, application/*+json, application/yaml]
2025-12-23 00:19:06 [http-nio-8080-exec-10] DEBUG o.s.w.s.m.m.a.HttpEntityMethodProcessor - Writing [com.app.easypharma_backend.domain.pharmacy.dto.PharmacyDTO@5215f9d6]
2025-12-23 00:19:06 [http-nio-8080-exec-10] DEBUG o.s.web.servlet.DispatcherServlet - Completed 200 OK
2025-12-23 00:24:15 [HikariPool-25:housekeeper] WARN  com.zaxxer.hikari.pool.HikariPool - HikariPool-25 - Thread starvation or clock leap detected (housekeeper delta=1m49s995ms71µs400ns).
2025-12-23 00:35:37 [HikariPool-25:housekeeper] WARN  com.zaxxer.hikari.pool.HikariPool - HikariPool-25 - Thread starvation or clock leap detected (housekeeper delta=4m51s650ms88µs900ns).
2025-12-23 00:50:30 [http-nio-8080-exec-1] DEBUG o.s.security.web.FilterChainProxy - Securing GET /api/v1/pharmacies/0c4cf416-591d-40f8-b9d6-c37dabff308c
2025-12-23 00:50:31 [http-nio-8080-exec-1] DEBUG org.hibernate.SQL - 
    /* SELECT
        u 
    FROM
        User u 
    LEFT JOIN
        
    FETCH
        u.pharmacy 
    WHERE
        LOWER(u.email) = LOWER(:email) */ select
            u1_0.id,
            u1_0.address,
            u1_0.city,
            u1_0.created_at,
            u1_0.email,
            u1_0.first_name,
            u1_0.is_active,
            u1_0.is_verified,
            u1_0.last_name,
            u1_0.latitude,
            u1_0.longitude,
            u1_0.password,
            p1_0.id,
            p1_0.address,
            p1_0.city,
            p1_0.created_at,
            p1_0.description,
            p1_0.latitude,
            p1_0.license_document_url,
            p1_0.license_number,
            p1_0.longitude,
            p1_0.name,
            p1_0.opening_hours,
            p1_0.phone,
            p1_0.status,
            p1_0.updated_at,
            p1_0.user_id,
            p1_0.validated_at,
            u1_0.phone,
            u1_0.role,
            u1_0.updated_at 
        from
            users u1_0 
        left join
            pharmacies p1_0 
                on p1_0.id=u1_0.pharmacy_id 
        where
            lower(u1_0.email)=lower(?)
2025-12-23 00:50:31 [http-nio-8080-exec-1] DEBUG o.s.security.web.FilterChainProxy - Secured GET /api/v1/pharmacies/0c4cf416-591d-40f8-b9d6-c37dabff308c
2025-12-23 00:50:31 [http-nio-8080-exec-1] DEBUG o.s.web.servlet.DispatcherServlet - GET "/api/v1/pharmacies/0c4cf416-591d-40f8-b9d6-c37dabff308c", parameters={}
2025-12-23 00:50:31 [http-nio-8080-exec-1] DEBUG o.s.w.s.m.m.a.RequestMappingHandlerMapping - Mapped to com.app.easypharma_backend.presentation.controller.PharmacyController#getPharmacyById(UUID)
2025-12-23 00:50:31 [http-nio-8080-exec-1] DEBUG org.hibernate.SQL - 
    select
        p1_0.id,
        p1_0.address,
        p1_0.city,
        p1_0.created_at,
        p1_0.description,
        p1_0.latitude,
        p1_0.license_document_url,
        p1_0.license_number,
        p1_0.longitude,
        p1_0.name,
        p1_0.opening_hours,
        p1_0.phone,
        p1_0.status,
        p1_0.updated_at,
        p1_0.user_id,
        p1_0.validated_at 
    from
        pharmacies p1_0 
    where
        p1_0.id=?
2025-12-23 00:50:31 [http-nio-8080-exec-1] DEBUG o.s.w.s.m.m.a.HttpEntityMethodProcessor - Using 'application/json', given [application/json, text/plain, */*] and supported [application/json, application/*+json, application/yaml]
2025-12-23 00:50:31 [http-nio-8080-exec-1] DEBUG o.s.w.s.m.m.a.HttpEntityMethodProcessor - Writing [com.app.easypharma_backend.domain.pharmacy.dto.PharmacyDTO@2d0f55d7]
2025-12-23 00:50:31 [http-nio-8080-exec-1] DEBUG o.s.web.servlet.DispatcherServlet - Completed 200 OK
2025-12-23 03:29:47 [HikariPool-25:housekeeper] WARN  com.zaxxer.hikari.pool.HikariPool - HikariPool-25 - Thread starvation or clock leap detected (housekeeper delta=1m7s851ms369µs200ns).
2025-12-23 08:59:16 [HikariPool-25:housekeeper] WARN  com.zaxxer.hikari.pool.HikariPool - HikariPool-25 - Thread starvation or clock leap detected (housekeeper delta=4h54m28s27ms859µs).
2025-12-23 09:42:20 [HikariPool-25:housekeeper] WARN  com.zaxxer.hikari.pool.HikariPool - HikariPool-25 - Thread starvation or clock leap detected (housekeeper delta=26m3s218ms895µs).
2025-12-23 10:07:48 [HikariPool-25:housekeeper] WARN  com.zaxxer.hikari.pool.HikariPool - HikariPool-25 - Thread starvation or clock leap detected (housekeeper delta=12m28s152ms324µs600ns).
2025-12-23 10:26:05 [HikariPool-25:housekeeper] WARN  com.zaxxer.hikari.pool.HikariPool - HikariPool-25 - Thread starvation or clock leap detected (housekeeper delta=8m16s943ms624µs300ns).
2025-12-23 10:40:16 [HikariPool-25:housekeeper] WARN  com.zaxxer.hikari.pool.HikariPool - HikariPool-25 - Thread starvation or clock leap detected (housekeeper delta=10m40s671ms231µs300ns).
2025-12-23 11:10:09 [HikariPool-25:housekeeper] WARN  com.zaxxer.hikari.pool.HikariPool - HikariPool-25 - Thread starvation or clock leap detected (housekeeper delta=24m22s731ms118µs100ns).
